2021-07-22 09:38:58 info: SOAP / undefined / MediaService / GetProfile
2021-07-22 09:38:58 info: SOAP / undefined / MediaService / GetVideoEncoderConfigurationOptions
2021-07-22 09:38:58 info: SOAP / undefined / MediaService / GetProfile
2021-07-22 09:38:58 info: SOAP / undefined / MediaService / GetStreamUri
2021-07-22 09:39:03 info: SOAP / undefined / MediaService / GetProfile
2021-07-22 09:39:03 info: SOAP / undefined / MediaService / GetVideoEncoderConfigurationOptions
2021-07-22 09:39:03 info: SOAP / undefined / MediaService / SetVideoEncoderConfiguration
2021-07-22 09:39:03 info: SOAP / undefined / MediaService / GetProfile
2021-07-22 09:39:03 info: SOAP / undefined / MediaService / GetVideoEncoderConfigurationOptions
2021-07-22 09:39:03 info: SOAP / undefined / MediaService / GetProfile
2021-07-22 09:39:03 info: SOAP / undefined / MediaService / GetStreamUri
2021-07-22 09:44:29 info: GET / ::ffff:192.168.0.36
2021-07-22 09:44:35 info: GET / ::ffff:192.168.0.36
2021-07-22 09:46:06 info: SOAP / undefined / DeviceService / GetSystemDateAndTime
2021-07-22 09:46:06 info: SOAP / undefined / DeviceService / GetSystemDateAndTime
2021-07-22 09:46:06 info: SOAP / undefined / DeviceService / GetDNS
2021-07-22 09:46:06 info: SOAP / undefined / DeviceService / GetCapabilities
2021-07-22 09:46:06 info: SOAP / undefined / DeviceService / GetScopes
2021-07-22 09:46:06 info: SOAP / undefined / DeviceService / GetDeviceInformation
2021-07-22 09:46:06 info: SOAP / undefined / DeviceService / GetNetworkInterfaces
2021-07-22 09:46:07 info: SOAP / undefined / DeviceService / GetServices
2021-07-22 09:46:07 info: SOAP / undefined / DeviceService / GetCapabilities
2021-07-22 09:46:07 info: SOAP / undefined / MediaService / GetVideoSources
2021-07-22 09:46:07 info: SOAP / undefined / MediaService / GetProfiles
2021-07-22 09:46:07 info: SOAP / undefined / MediaService / GetProfiles
2021-07-22 09:46:07 info: SOAP / undefined / MediaService / GetSnapshotUri
2021-07-22 09:46:08 info: SOAP / undefined / MediaService / GetProfile
2021-07-22 09:46:08 info: SOAP / undefined / MediaService / GetProfile
2021-07-22 09:46:08 info: SOAP / undefined / MediaService / GetStreamUri
2021-07-22 09:46:08 info: SOAP / undefined / MediaService / GetStreamUri
2021-07-22 09:46:08 info: SOAP / undefined / MediaService / GetVideoSourceConfiguration
2021-07-22 09:46:16 info: SOAP / undefined / MediaService / GetProfile
2021-07-22 09:46:16 info: SOAP / undefined / MediaService / GetVideoEncoderConfigurationOptions
2021-07-22 09:46:17 info: SOAP / undefined / MediaService / GetProfile
2021-07-22 09:46:17 info: SOAP / undefined / MediaService / GetStreamUri
2021-07-22 09:57:37 info: SOAP / undefined / MediaService / GetProfile
2021-07-22 09:57:37 info: SOAP / undefined / MediaService / GetVideoEncoderConfigurationOptions
2021-07-22 09:57:37 info: SOAP / undefined / MediaService / GetProfile
2021-07-22 09:57:37 info: SOAP / undefined / MediaService / GetStreamUri
