2021-05-13 09:31:15 info: GET / ::ffff:192.168.0.24
2021-05-13 09:31:18 info: GET / ::ffff:192.168.0.24
2021-05-13 09:31:20 info: GET / ::ffff:192.168.0.24
2021-05-13 09:31:25 info: GET / ::ffff:192.168.0.24
2021-05-13 09:51:18 info: SOAP / undefined / MediaService / GetProfile
2021-05-13 09:51:18 info: SOAP / undefined / MediaService / GetProfile
2021-05-13 09:51:18 info: SOAP / undefined / MediaService / GetStreamUri
2021-05-13 09:51:18 info: SOAP / undefined / MediaService / GetStreamUri
2021-05-13 09:51:18 info: SOAP / undefined / MediaService / GetVideoSourceConfiguration
2021-05-13 09:55:51 info: GET / ::ffff:192.168.0.24
2021-05-13 09:55:54 info: GET / ::ffff:192.168.0.24
2021-05-13 09:55:59 info: GET / ::ffff:192.168.0.24
2021-05-13 10:41:40 info: SOAP / undefined / DeviceService / GetSystemDateAndTime
2021-05-13 10:41:40 info: SOAP / undefined / DeviceService / GetScopes
2021-05-13 10:41:40 info: SOAP / undefined / DeviceService / GetDeviceInformation
2021-05-13 10:41:40 info: SOAP / undefined / DeviceService / GetNetworkInterfaces
2021-05-13 10:41:40 info: SOAP / undefined / DeviceService / GetDNS
2021-05-13 10:41:40 info: SOAP / undefined / DeviceService / GetSystemDateAndTime
2021-05-13 10:41:40 info: SOAP / undefined / DeviceService / GetCapabilities
2021-05-13 10:41:40 info: SOAP / undefined / DeviceService / GetServices
2021-05-13 10:41:40 info: SOAP / undefined / DeviceService / GetCapabilities
2021-05-13 10:41:40 info: SOAP / undefined / MediaService / GetVideoSources
2021-05-13 10:41:40 info: SOAP / undefined / MediaService / GetProfiles
2021-05-13 10:41:40 info: SOAP / undefined / MediaService / GetProfiles
2021-05-13 10:41:40 info: SOAP / undefined / MediaService / GetSnapshotUri
2021-05-13 10:41:47 info: SOAP / undefined / MediaService / GetProfile
2021-05-13 10:41:48 info: SOAP / undefined / MediaService / GetProfile
2021-05-13 10:41:48 info: SOAP / undefined / MediaService / GetStreamUri
2021-05-13 10:41:48 info: SOAP / undefined / MediaService / GetStreamUri
2021-05-13 10:41:48 info: SOAP / undefined / MediaService / GetVideoSourceConfiguration
2021-05-13 11:15:41 info: SOAP / undefined / MediaService / GetProfile
2021-05-13 11:15:41 info: SOAP / undefined / MediaService / GetProfile
2021-05-13 11:15:41 info: SOAP / undefined / MediaService / GetStreamUri
2021-05-13 11:15:41 info: SOAP / undefined / MediaService / GetStreamUri
2021-05-13 11:15:41 info: SOAP / undefined / MediaService / GetVideoSourceConfiguration
2021-05-13 11:15:52 info: GET / ::ffff:192.168.0.24
2021-05-13 11:15:56 info: GET / ::ffff:192.168.0.24
2021-05-13 11:17:17 info: SOAP / undefined / MediaService / GetProfile
2021-05-13 11:17:17 info: SOAP / undefined / MediaService / GetProfile
2021-05-13 11:17:17 info: SOAP / undefined / MediaService / GetStreamUri
2021-05-13 11:17:18 info: SOAP / undefined / MediaService / GetStreamUri
2021-05-13 11:17:18 info: SOAP / undefined / MediaService / GetVideoSourceConfiguration
2021-05-13 11:17:24 info: SOAP / undefined / MediaService / GetProfile
2021-05-13 11:17:24 info: SOAP / undefined / MediaService / GetProfile
2021-05-13 11:17:25 info: SOAP / undefined / MediaService / GetStreamUri
2021-05-13 11:17:25 info: SOAP / undefined / MediaService / GetStreamUri
2021-05-13 11:17:25 info: SOAP / undefined / MediaService / GetVideoSourceConfiguration
