2021-05-20 00:26:58 info: GET / ::ffff:192.168.0.24
2021-05-20 00:28:02 info: GET / ::ffff:192.168.0.24
2021-05-20 01:51:03 info: SOAP / undefined / MediaService / GetProfile
2021-05-20 01:51:03 info: SOAP / undefined / MediaService / GetProfile
2021-05-20 01:51:03 info: SOAP / undefined / MediaService / GetStreamUri
2021-05-20 01:51:03 info: SOAP / undefined / MediaService / GetStreamUri
2021-05-20 01:51:03 info: SOAP / undefined / MediaService / GetVideoSourceConfiguration
2021-05-20 09:35:07 info: SOAP / undefined / MediaService / GetProfile
2021-05-20 09:35:07 info: SOAP / undefined / MediaService / GetProfile
2021-05-20 09:35:07 info: SOAP / undefined / MediaService / GetStreamUri
2021-05-20 09:35:07 info: SOAP / undefined / MediaService / GetStreamUri
2021-05-20 09:35:07 info: SOAP / undefined / MediaService / GetVideoSourceConfiguration
2021-05-20 09:35:10 info: SOAP / undefined / MediaService / GetProfile
2021-05-20 09:35:10 info: SOAP / undefined / ImagingService / GetImagingSettings
2021-05-20 09:35:10 info: SOAP / undefined / ImagingService / GetOptions
2021-05-20 09:35:10 info: SOAP / undefined / ImagingService / GetMoveOptions
2021-05-20 09:35:10 info: SOAP / undefined / ImagingService / GetStatus
2021-05-20 09:35:11 info: SOAP / undefined / MediaService / GetProfile
2021-05-20 09:35:11 info: SOAP / undefined / ImagingService / GetStatus
2021-05-20 09:35:11 info: SOAP / undefined / MediaService / GetStreamUri
2021-05-20 09:35:12 info: SOAP / undefined / MediaService / GetProfile
2021-05-20 09:35:12 info: SOAP / undefined / MediaService / GetVideoEncoderConfigurationOptions
2021-05-20 09:35:12 info: SOAP / undefined / MediaService / GetProfile
2021-05-20 09:35:12 info: SOAP / undefined / MediaService / GetStreamUri
2021-05-20 09:35:16 info: SOAP / undefined / MediaService / GetProfile
2021-05-20 09:35:16 info: SOAP / undefined / MediaService / GetVideoEncoderConfigurationOptions
2021-05-20 09:35:16 info: SOAP / undefined / MediaService / SetVideoEncoderConfiguration
2021-05-20 09:35:16 info: SOAP / undefined / MediaService / GetProfile
2021-05-20 09:35:16 info: SOAP / undefined / MediaService / GetVideoEncoderConfigurationOptions
2021-05-20 09:35:16 info: SOAP / undefined / MediaService / GetProfile
2021-05-20 09:35:16 info: SOAP / undefined / MediaService / GetStreamUri
2021-05-20 09:35:21 info: SOAP / undefined / DeviceService / GetSystemDateAndTime
2021-05-20 09:35:21 info: SOAP / undefined / DeviceService / GetDeviceInformation
2021-05-20 09:35:21 info: SOAP / undefined / DeviceService / GetScopes
2021-05-20 09:35:21 info: SOAP / undefined / DeviceService / GetNetworkInterfaces
2021-05-20 09:35:21 info: SOAP / undefined / DeviceService / GetDNS
2021-05-20 09:35:22 info: SOAP / undefined / DeviceService / GetSystemDateAndTime
2021-05-20 09:35:22 info: SOAP / undefined / DeviceService / GetCapabilities
2021-05-20 09:35:22 info: SOAP / undefined / DeviceService / GetServices
2021-05-20 09:35:22 info: SOAP / undefined / DeviceService / GetCapabilities
2021-05-20 09:35:23 info: SOAP / undefined / MediaService / GetVideoSources
2021-05-20 09:35:23 info: SOAP / undefined / MediaService / GetProfiles
2021-05-20 09:35:23 info: SOAP / undefined / MediaService / GetProfiles
2021-05-20 09:35:23 info: SOAP / undefined / MediaService / GetSnapshotUri
2021-05-20 09:35:23 info: SOAP / undefined / MediaService / GetProfile
2021-05-20 09:35:23 info: SOAP / undefined / MediaService / GetProfile
2021-05-20 09:35:24 info: SOAP / undefined / MediaService / GetStreamUri
2021-05-20 09:35:24 info: SOAP / undefined / MediaService / GetStreamUri
2021-05-20 09:35:24 info: SOAP / undefined / MediaService / GetVideoSourceConfiguration
2021-05-20 09:36:17 info: SOAP / undefined / DeviceService / GetSystemDateAndTime
2021-05-20 09:36:18 info: SOAP / undefined / DeviceService / GetDeviceInformation
2021-05-20 09:36:18 info: SOAP / undefined / DeviceService / GetScopes
2021-05-20 09:36:18 info: SOAP / undefined / DeviceService / GetNetworkInterfaces
2021-05-20 09:36:18 info: SOAP / undefined / DeviceService / GetDNS
2021-05-20 09:36:18 info: SOAP / undefined / DeviceService / GetSystemDateAndTime
2021-05-20 09:36:18 info: SOAP / undefined / DeviceService / GetCapabilities
2021-05-20 09:36:18 info: SOAP / undefined / DeviceService / GetServices
2021-05-20 09:36:18 info: SOAP / undefined / DeviceService / GetCapabilities
2021-05-20 09:36:18 info: SOAP / undefined / MediaService / GetVideoSources
2021-05-20 09:36:19 info: SOAP / undefined / MediaService / GetProfiles
2021-05-20 09:36:19 info: SOAP / undefined / MediaService / GetProfiles
2021-05-20 09:36:19 info: SOAP / undefined / MediaService / GetSnapshotUri
2021-05-20 09:36:21 info: SOAP / undefined / MediaService / GetProfile
2021-05-20 09:36:21 info: SOAP / undefined / MediaService / GetProfile
2021-05-20 09:36:21 info: SOAP / undefined / MediaService / GetStreamUri
2021-05-20 09:36:21 info: SOAP / undefined / MediaService / GetStreamUri
2021-05-20 09:36:21 info: SOAP / undefined / MediaService / GetVideoSourceConfiguration
2021-05-20 09:36:32 info: SOAP / undefined / MediaService / GetProfile
2021-05-20 09:36:32 info: SOAP / undefined / MediaService / GetVideoEncoderConfigurationOptions
2021-05-20 09:36:32 info: SOAP / undefined / MediaService / GetProfile
2021-05-20 09:36:32 info: SOAP / undefined / MediaService / GetStreamUri
2021-05-20 09:38:24 info: SOAP / undefined / DeviceService / GetSystemDateAndTime
2021-05-20 09:38:24 info: SOAP / undefined / DeviceService / GetDeviceInformation
2021-05-20 09:38:24 info: SOAP / undefined / DeviceService / GetScopes
2021-05-20 09:38:24 info: SOAP / undefined / DeviceService / GetDNS
2021-05-20 09:38:24 info: SOAP / undefined / DeviceService / GetNetworkInterfaces
2021-05-20 09:38:25 info: SOAP / undefined / DeviceService / GetSystemDateAndTime
2021-05-20 09:38:25 info: SOAP / undefined / DeviceService / GetCapabilities
2021-05-20 09:38:25 info: SOAP / undefined / DeviceService / GetServices
2021-05-20 09:38:26 info: SOAP / undefined / DeviceService / GetCapabilities
2021-05-20 09:38:26 info: SOAP / undefined / MediaService / GetVideoSources
2021-05-20 09:38:26 info: SOAP / undefined / MediaService / GetProfiles
2021-05-20 09:38:26 info: SOAP / undefined / MediaService / GetProfiles
2021-05-20 09:38:26 info: SOAP / undefined / MediaService / GetSnapshotUri
2021-05-20 09:38:51 info: SOAP / undefined / DeviceService / GetSystemDateAndTime
2021-05-20 09:38:51 info: SOAP / undefined / DeviceService / GetDeviceInformation
2021-05-20 09:38:51 info: SOAP / undefined / DeviceService / GetNetworkInterfaces
2021-05-20 09:38:51 info: SOAP / undefined / DeviceService / GetScopes
2021-05-20 09:38:51 info: SOAP / undefined / DeviceService / GetDNS
2021-05-20 09:38:52 info: SOAP / undefined / DeviceService / GetSystemDateAndTime
2021-05-20 09:38:52 info: SOAP / undefined / DeviceService / GetCapabilities
2021-05-20 09:38:52 info: SOAP / undefined / DeviceService / GetServices
2021-05-20 09:38:52 info: SOAP / undefined / DeviceService / GetCapabilities
2021-05-20 09:38:52 info: SOAP / undefined / MediaService / GetVideoSources
2021-05-20 09:38:52 info: SOAP / undefined / MediaService / GetProfiles
2021-05-20 09:38:52 info: SOAP / undefined / MediaService / GetProfiles
2021-05-20 09:38:52 info: SOAP / undefined / MediaService / GetSnapshotUri
2021-05-20 09:38:55 info: SOAP / undefined / MediaService / GetProfile
2021-05-20 09:38:55 info: SOAP / undefined / MediaService / GetProfile
2021-05-20 09:38:55 info: SOAP / undefined / MediaService / GetStreamUri
2021-05-20 09:38:55 info: SOAP / undefined / MediaService / GetStreamUri
2021-05-20 09:38:55 info: SOAP / undefined / MediaService / GetVideoSourceConfiguration
2021-05-20 09:41:44 info: SOAP / undefined / MediaService / GetProfile
2021-05-20 09:41:44 info: SOAP / undefined / MediaService / GetVideoEncoderConfigurationOptions
2021-05-20 09:41:44 info: SOAP / undefined / MediaService / GetProfile
2021-05-20 09:41:44 info: SOAP / undefined / MediaService / GetStreamUri
2021-05-20 09:41:47 info: SOAP / undefined / MediaService / GetProfile
2021-05-20 09:41:47 info: SOAP / undefined / MediaService / GetProfile
2021-05-20 09:41:47 info: SOAP / undefined / MediaService / GetStreamUri
2021-05-20 09:41:47 info: SOAP / undefined / MediaService / GetStreamUri
2021-05-20 09:41:47 info: SOAP / undefined / MediaService / GetVideoSourceConfiguration
2021-05-20 09:43:35 info: SOAP / undefined / DeviceService / GetSystemDateAndTime
2021-05-20 09:43:36 info: SOAP / undefined / DeviceService / GetDeviceInformation
2021-05-20 09:43:36 info: SOAP / undefined / DeviceService / GetScopes
2021-05-20 09:43:36 info: SOAP / undefined / DeviceService / GetDNS
2021-05-20 09:43:36 info: SOAP / undefined / DeviceService / GetNetworkInterfaces
2021-05-20 09:43:36 info: SOAP / undefined / DeviceService / GetSystemDateAndTime
2021-05-20 09:43:36 info: SOAP / undefined / DeviceService / GetCapabilities
2021-05-20 09:43:36 info: SOAP / undefined / DeviceService / GetServices
2021-05-20 09:43:36 info: SOAP / undefined / DeviceService / GetCapabilities
2021-05-20 09:43:36 info: SOAP / undefined / MediaService / GetVideoSources
2021-05-20 09:43:36 info: SOAP / undefined / MediaService / GetProfiles
2021-05-20 09:43:36 info: SOAP / undefined / MediaService / GetProfiles
2021-05-20 09:43:36 info: SOAP / undefined / MediaService / GetSnapshotUri
2021-05-20 09:43:37 info: SOAP / undefined / MediaService / GetProfile
2021-05-20 09:43:37 info: SOAP / undefined / MediaService / GetProfile
2021-05-20 09:43:37 info: SOAP / undefined / MediaService / GetStreamUri
2021-05-20 09:43:37 info: SOAP / undefined / MediaService / GetStreamUri
2021-05-20 09:43:37 info: SOAP / undefined / MediaService / GetVideoSourceConfiguration
2021-05-20 09:44:06 info: SOAP / undefined / MediaService / GetProfile
2021-05-20 09:44:06 info: SOAP / undefined / MediaService / GetVideoEncoderConfigurationOptions
2021-05-20 09:44:06 info: SOAP / undefined / MediaService / GetProfile
2021-05-20 09:44:06 info: SOAP / undefined / MediaService / GetStreamUri
2021-05-20 09:44:10 info: SOAP / undefined / MediaService / GetProfile
2021-05-20 09:44:10 info: SOAP / undefined / MediaService / GetVideoEncoderConfigurationOptions
2021-05-20 09:44:10 info: SOAP / undefined / MediaService / SetVideoEncoderConfiguration
2021-05-20 09:44:11 info: SOAP / undefined / MediaService / GetProfile
2021-05-20 09:44:11 info: SOAP / undefined / MediaService / GetVideoEncoderConfigurationOptions
2021-05-20 09:44:11 info: SOAP / undefined / MediaService / GetProfile
2021-05-20 09:44:11 info: SOAP / undefined / MediaService / GetStreamUri
2021-05-20 09:44:14 info: SOAP / undefined / MediaService / GetProfile
2021-05-20 09:44:14 info: SOAP / undefined / MediaService / GetVideoEncoderConfigurationOptions
2021-05-20 09:44:14 info: SOAP / undefined / MediaService / GetProfile
2021-05-20 09:44:14 info: SOAP / undefined / MediaService / GetStreamUri
2021-05-20 09:44:17 info: SOAP / undefined / MediaService / GetProfile
2021-05-20 09:44:17 info: SOAP / undefined / MediaService / GetProfile
2021-05-20 09:44:17 info: SOAP / undefined / MediaService / GetStreamUri
2021-05-20 09:44:17 info: SOAP / undefined / MediaService / GetStreamUri
2021-05-20 09:44:17 info: SOAP / undefined / MediaService / GetVideoSourceConfiguration
2021-05-20 09:44:18 info: SOAP / undefined / DeviceService / GetSystemDateAndTime
2021-05-20 09:44:18 info: SOAP / undefined / DeviceService / GetNetworkInterfaces
2021-05-20 09:44:18 info: SOAP / undefined / DeviceService / GetDeviceInformation
2021-05-20 09:44:18 info: SOAP / undefined / DeviceService / GetScopes
2021-05-20 09:44:18 info: SOAP / undefined / DeviceService / GetDNS
2021-05-20 09:45:13 info: SOAP / undefined / DeviceService / GetSystemDateAndTime
2021-05-20 09:45:13 info: SOAP / undefined / DeviceService / GetCapabilities
2021-05-20 09:45:13 info: SOAP / undefined / DeviceService / GetServices
2021-05-20 09:45:13 info: SOAP / undefined / DeviceService / GetCapabilities
2021-05-20 09:45:13 info: SOAP / undefined / MediaService / GetVideoSources
2021-05-20 09:45:13 info: SOAP / undefined / MediaService / GetProfiles
2021-05-20 09:45:13 info: SOAP / undefined / MediaService / GetProfiles
2021-05-20 09:45:13 info: SOAP / undefined / MediaService / GetSnapshotUri
2021-05-20 09:45:15 info: SOAP / undefined / MediaService / GetProfile
2021-05-20 09:45:15 info: SOAP / undefined / MediaService / GetProfile
2021-05-20 09:45:15 info: SOAP / undefined / MediaService / GetStreamUri
2021-05-20 09:45:15 info: SOAP / undefined / MediaService / GetStreamUri
2021-05-20 09:45:15 info: SOAP / undefined / MediaService / GetVideoSourceConfiguration
2021-05-20 09:45:25 info: SOAP / undefined / MediaService / GetProfile
2021-05-20 09:45:25 info: SOAP / undefined / MediaService / GetVideoEncoderConfigurationOptions
2021-05-20 09:45:25 info: SOAP / undefined / MediaService / GetProfile
2021-05-20 09:45:25 info: SOAP / undefined / MediaService / GetStreamUri
2021-05-20 09:52:18 info: SOAP / undefined / DeviceService / GetSystemDateAndTime
2021-05-20 09:52:18 info: SOAP / undefined / DeviceService / GetScopes
2021-05-20 09:52:18 info: SOAP / undefined / DeviceService / GetDeviceInformation
2021-05-20 09:52:18 info: SOAP / undefined / DeviceService / GetNetworkInterfaces
2021-05-20 09:52:18 info: SOAP / undefined / DeviceService / GetDNS
2021-05-20 09:52:18 info: SOAP / undefined / DeviceService / GetSystemDateAndTime
2021-05-20 09:52:18 info: SOAP / undefined / DeviceService / GetCapabilities
2021-05-20 09:52:18 info: SOAP / undefined / DeviceService / GetServices
2021-05-20 09:52:18 info: SOAP / undefined / DeviceService / GetCapabilities
2021-05-20 09:52:18 info: SOAP / undefined / MediaService / GetVideoSources
2021-05-20 09:52:18 info: SOAP / undefined / MediaService / GetProfiles
2021-05-20 09:52:18 info: SOAP / undefined / MediaService / GetProfiles
2021-05-20 09:52:18 info: SOAP / undefined / MediaService / GetSnapshotUri
2021-05-20 09:52:19 info: SOAP / undefined / MediaService / GetProfile
2021-05-20 09:52:20 info: SOAP / undefined / MediaService / GetProfile
2021-05-20 09:52:20 info: SOAP / undefined / MediaService / GetStreamUri
2021-05-20 09:52:20 info: SOAP / undefined / MediaService / GetStreamUri
2021-05-20 09:52:20 info: SOAP / undefined / MediaService / GetVideoSourceConfiguration
2021-05-20 10:24:56 info: SOAP / undefined / DeviceService / GetSystemDateAndTime
2021-05-20 10:24:56 info: SOAP / undefined / DeviceService / GetDeviceInformation
2021-05-20 10:24:56 info: SOAP / undefined / DeviceService / GetScopes
2021-05-20 10:24:56 info: SOAP / undefined / DeviceService / GetDNS
2021-05-20 10:24:56 info: SOAP / undefined / DeviceService / GetNetworkInterfaces
2021-05-20 10:24:57 info: SOAP / undefined / DeviceService / GetSystemDateAndTime
2021-05-20 10:24:57 info: SOAP / undefined / DeviceService / GetCapabilities
2021-05-20 10:24:57 info: SOAP / undefined / DeviceService / GetServices
2021-05-20 10:24:57 info: SOAP / undefined / DeviceService / GetCapabilities
2021-05-20 10:24:57 info: SOAP / undefined / MediaService / GetVideoSources
2021-05-20 10:24:57 info: SOAP / undefined / MediaService / GetProfiles
2021-05-20 10:24:57 info: SOAP / undefined / MediaService / GetProfiles
2021-05-20 10:24:57 info: SOAP / undefined / MediaService / GetSnapshotUri
2021-05-20 10:24:59 info: SOAP / undefined / MediaService / GetProfile
2021-05-20 10:24:59 info: SOAP / undefined / MediaService / GetProfile
2021-05-20 10:24:59 info: SOAP / undefined / MediaService / GetStreamUri
2021-05-20 10:24:59 info: SOAP / undefined / MediaService / GetStreamUri
2021-05-20 10:24:59 info: SOAP / undefined / MediaService / GetVideoSourceConfiguration
2021-05-20 10:25:14 info: SOAP / undefined / MediaService / GetProfile
2021-05-20 10:25:14 info: SOAP / undefined / MediaService / GetVideoEncoderConfigurationOptions
2021-05-20 10:25:14 info: SOAP / undefined / MediaService / GetProfile
2021-05-20 10:25:14 info: SOAP / undefined / MediaService / GetStreamUri
2021-05-20 10:25:22 info: SOAP / undefined / DeviceService / GetSystemDateAndTime
2021-05-20 10:25:22 info: SOAP / undefined / DeviceService / GetNetworkInterfaces
2021-05-20 10:25:22 info: SOAP / undefined / DeviceService / GetScopes
2021-05-20 10:25:22 info: SOAP / undefined / DeviceService / GetDeviceInformation
2021-05-20 10:25:22 info: SOAP / undefined / DeviceService / GetDNS
2021-05-20 10:25:23 info: SOAP / undefined / DeviceService / GetSystemDateAndTime
2021-05-20 10:25:23 info: SOAP / undefined / DeviceService / GetCapabilities
2021-05-20 10:25:23 info: SOAP / undefined / DeviceService / GetServices
2021-05-20 10:25:23 info: SOAP / undefined / DeviceService / GetCapabilities
2021-05-20 10:25:23 info: SOAP / undefined / MediaService / GetVideoSources
2021-05-20 10:25:23 info: SOAP / undefined / MediaService / GetProfiles
2021-05-20 10:25:23 info: SOAP / undefined / MediaService / GetProfiles
2021-05-20 10:25:23 info: SOAP / undefined / MediaService / GetSnapshotUri
2021-05-20 10:25:24 info: SOAP / undefined / MediaService / GetProfile
2021-05-20 10:25:24 info: SOAP / undefined / MediaService / GetProfile
2021-05-20 10:25:24 info: SOAP / undefined / MediaService / GetStreamUri
2021-05-20 10:25:24 info: SOAP / undefined / MediaService / GetStreamUri
2021-05-20 10:25:24 info: SOAP / undefined / MediaService / GetVideoSourceConfiguration
2021-05-20 10:25:48 info: SOAP / undefined / MediaService / GetProfile
2021-05-20 10:25:48 info: SOAP / undefined / MediaService / GetVideoEncoderConfigurationOptions
2021-05-20 10:25:48 info: SOAP / undefined / MediaService / GetProfile
2021-05-20 10:25:48 info: SOAP / undefined / MediaService / GetStreamUri
2021-05-20 10:25:55 info: SOAP / undefined / DeviceService / GetSystemDateAndTime
2021-05-20 10:25:55 info: SOAP / undefined / DeviceService / GetDeviceInformation
2021-05-20 10:25:55 info: SOAP / undefined / DeviceService / GetNetworkInterfaces
2021-05-20 10:25:55 info: SOAP / undefined / DeviceService / GetScopes
2021-05-20 10:25:55 info: SOAP / undefined / DeviceService / GetDNS
2021-05-20 10:25:57 info: SOAP / undefined / DeviceService / GetSystemDateAndTime
2021-05-20 10:25:57 info: SOAP / undefined / DeviceService / GetCapabilities
2021-05-20 10:25:57 info: SOAP / undefined / DeviceService / GetServices
2021-05-20 10:25:57 info: SOAP / undefined / DeviceService / GetCapabilities
2021-05-20 10:25:57 info: SOAP / undefined / MediaService / GetVideoSources
2021-05-20 10:25:57 info: SOAP / undefined / MediaService / GetProfiles
2021-05-20 10:25:57 info: SOAP / undefined / MediaService / GetProfiles
2021-05-20 10:25:57 info: SOAP / undefined / MediaService / GetSnapshotUri
2021-05-20 10:26:09 info: SOAP / undefined / DeviceService / GetSystemDateAndTime
2021-05-20 10:26:09 info: SOAP / undefined / DeviceService / GetScopes
2021-05-20 10:26:09 info: SOAP / undefined / DeviceService / GetDNS
2021-05-20 10:26:09 info: SOAP / undefined / DeviceService / GetDeviceInformation
2021-05-20 10:26:09 info: SOAP / undefined / DeviceService / GetNetworkInterfaces
2021-05-20 10:26:10 info: SOAP / undefined / DeviceService / GetSystemDateAndTime
2021-05-20 10:26:10 info: SOAP / undefined / DeviceService / GetCapabilities
2021-05-20 10:26:10 info: SOAP / undefined / DeviceService / GetServices
2021-05-20 10:26:10 info: SOAP / undefined / DeviceService / GetCapabilities
2021-05-20 10:26:10 info: SOAP / undefined / MediaService / GetVideoSources
2021-05-20 10:26:10 info: SOAP / undefined / MediaService / GetProfiles
2021-05-20 10:26:10 info: SOAP / undefined / MediaService / GetProfiles
2021-05-20 10:26:10 info: SOAP / undefined / MediaService / GetSnapshotUri
2021-05-20 10:26:11 info: SOAP / undefined / MediaService / GetProfile
2021-05-20 10:26:11 info: SOAP / undefined / ImagingService / GetOptions
2021-05-20 10:26:11 info: SOAP / undefined / ImagingService / GetImagingSettings
2021-05-20 10:26:11 info: SOAP / undefined / ImagingService / GetMoveOptions
2021-05-20 10:26:11 info: SOAP / undefined / ImagingService / GetStatus
2021-05-20 10:26:11 info: SOAP / undefined / MediaService / GetProfile
2021-05-20 10:26:11 info: SOAP / undefined / ImagingService / GetStatus
2021-05-20 10:26:11 info: SOAP / undefined / MediaService / GetStreamUri
2021-05-20 10:26:20 info: SOAP / undefined / MediaService / GetProfile
2021-05-20 10:26:20 info: SOAP / undefined / MediaService / GetProfile
2021-05-20 10:26:20 info: SOAP / undefined / MediaService / GetStreamUri
2021-05-20 10:26:20 info: SOAP / undefined / MediaService / GetStreamUri
2021-05-20 10:26:20 info: SOAP / undefined / MediaService / GetVideoSourceConfiguration
2021-05-20 10:27:39 info: SOAP / undefined / MediaService / GetProfile
2021-05-20 10:27:39 info: SOAP / undefined / MediaService / GetProfile
2021-05-20 10:27:39 info: SOAP / undefined / MediaService / GetStreamUri
2021-05-20 10:27:39 info: SOAP / undefined / MediaService / GetStreamUri
2021-05-20 10:27:39 info: SOAP / undefined / MediaService / GetVideoSourceConfiguration
2021-05-20 10:27:49 info: SOAP / undefined / MediaService / GetProfile
2021-05-20 10:27:49 info: SOAP / undefined / MediaService / GetVideoEncoderConfigurationOptions
2021-05-20 10:27:49 info: SOAP / undefined / MediaService / GetProfile
2021-05-20 10:27:49 info: SOAP / undefined / MediaService / GetStreamUri
2021-05-20 10:28:12 info: SOAP / undefined / DeviceService / GetSystemDateAndTime
2021-05-20 10:28:12 info: SOAP / undefined / DeviceService / GetScopes
2021-05-20 10:28:12 info: SOAP / undefined / DeviceService / GetDeviceInformation
2021-05-20 10:28:12 info: SOAP / undefined / DeviceService / GetNetworkInterfaces
2021-05-20 10:28:12 info: SOAP / undefined / DeviceService / GetDNS
2021-05-20 10:28:13 info: SOAP / undefined / DeviceService / GetSystemDateAndTime
2021-05-20 10:28:13 info: SOAP / undefined / DeviceService / GetCapabilities
2021-05-20 10:28:13 info: SOAP / undefined / DeviceService / GetServices
2021-05-20 10:28:13 info: SOAP / undefined / DeviceService / GetCapabilities
2021-05-20 10:28:13 info: SOAP / undefined / MediaService / GetVideoSources
2021-05-20 10:28:13 info: SOAP / undefined / MediaService / GetProfiles
2021-05-20 10:28:13 info: SOAP / undefined / MediaService / GetProfiles
2021-05-20 10:28:13 info: SOAP / undefined / MediaService / GetSnapshotUri
2021-05-20 10:28:14 info: SOAP / undefined / MediaService / GetProfile
2021-05-20 10:28:14 info: SOAP / undefined / MediaService / GetProfile
2021-05-20 10:28:14 info: SOAP / undefined / MediaService / GetStreamUri
2021-05-20 10:28:14 info: SOAP / undefined / MediaService / GetStreamUri
2021-05-20 10:28:14 info: SOAP / undefined / MediaService / GetVideoSourceConfiguration
2021-05-20 10:30:06 info: SOAP / undefined / MediaService / GetProfile
2021-05-20 10:30:06 info: SOAP / undefined / MediaService / GetProfile
2021-05-20 10:30:06 info: SOAP / undefined / MediaService / GetStreamUri
2021-05-20 10:30:06 info: SOAP / undefined / MediaService / GetStreamUri
2021-05-20 10:30:06 info: SOAP / undefined / MediaService / GetVideoSourceConfiguration
2021-05-20 10:38:11 info: SOAP / undefined / MediaService / GetProfile
2021-05-20 10:38:11 info: SOAP / undefined / MediaService / GetProfile
2021-05-20 10:38:11 info: SOAP / undefined / MediaService / GetStreamUri
2021-05-20 10:38:11 info: SOAP / undefined / MediaService / GetStreamUri
2021-05-20 10:38:11 info: SOAP / undefined / MediaService / GetVideoSourceConfiguration
2021-05-20 10:41:06 info: SOAP / undefined / MediaService / GetProfile
2021-05-20 10:41:06 info: SOAP / undefined / MediaService / GetProfile
2021-05-20 10:41:06 info: SOAP / undefined / MediaService / GetStreamUri
2021-05-20 10:41:06 info: SOAP / undefined / MediaService / GetStreamUri
2021-05-20 10:41:06 info: SOAP / undefined / MediaService / GetVideoSourceConfiguration
2021-05-20 10:44:04 info: SOAP / undefined / MediaService / GetProfile
2021-05-20 10:44:04 info: SOAP / undefined / MediaService / GetProfile
2021-05-20 10:44:04 info: SOAP / undefined / MediaService / GetStreamUri
2021-05-20 10:44:04 info: SOAP / undefined / MediaService / GetStreamUri
2021-05-20 10:44:04 info: SOAP / undefined / MediaService / GetVideoSourceConfiguration
2021-05-20 10:44:11 info: SOAP / undefined / MediaService / GetProfile
2021-05-20 10:44:11 info: SOAP / undefined / MediaService / GetVideoEncoderConfigurationOptions
2021-05-20 10:44:11 info: SOAP / undefined / MediaService / GetProfile
2021-05-20 10:44:11 info: SOAP / undefined / MediaService / GetStreamUri
2021-05-20 10:45:10 info: SOAP / undefined / MediaService / GetProfile
2021-05-20 10:45:10 info: SOAP / undefined / MediaService / GetProfile
2021-05-20 10:45:10 info: SOAP / undefined / MediaService / GetStreamUri
2021-05-20 10:45:10 info: SOAP / undefined / MediaService / GetStreamUri
2021-05-20 10:45:10 info: SOAP / undefined / MediaService / GetVideoSourceConfiguration
2021-05-20 10:45:14 info: SOAP / undefined / MediaService / GetProfile
2021-05-20 10:45:14 info: SOAP / undefined / MediaService / GetVideoEncoderConfigurationOptions
2021-05-20 10:45:14 info: SOAP / undefined / MediaService / GetProfile
2021-05-20 10:45:14 info: SOAP / undefined / MediaService / GetStreamUri
2021-05-20 10:45:16 info: SOAP / undefined / MediaService / GetProfile
2021-05-20 10:45:16 info: SOAP / undefined / MediaService / GetProfile
2021-05-20 10:45:16 info: SOAP / undefined / MediaService / GetStreamUri
2021-05-20 10:45:16 info: SOAP / undefined / MediaService / GetStreamUri
2021-05-20 10:45:16 info: SOAP / undefined / MediaService / GetVideoSourceConfiguration
2021-05-20 10:49:30 info: SOAP / undefined / MediaService / GetProfile
2021-05-20 10:49:30 info: SOAP / undefined / MediaService / GetProfile
2021-05-20 10:49:30 info: SOAP / undefined / MediaService / GetStreamUri
2021-05-20 10:49:30 info: SOAP / undefined / MediaService / GetStreamUri
2021-05-20 10:49:30 info: SOAP / undefined / MediaService / GetVideoSourceConfiguration
2021-05-20 11:31:07 info: SOAP / undefined / MediaService / GetProfile
2021-05-20 11:31:07 info: SOAP / undefined / MediaService / GetProfile
2021-05-20 11:31:07 info: SOAP / undefined / MediaService / GetStreamUri
2021-05-20 11:31:07 info: SOAP / undefined / MediaService / GetStreamUri
2021-05-20 11:31:07 info: SOAP / undefined / MediaService / GetVideoSourceConfiguration
2021-05-20 11:52:06 info: SOAP / undefined / MediaService / GetProfile
2021-05-20 11:52:06 info: SOAP / undefined / MediaService / GetProfile
2021-05-20 11:52:06 info: SOAP / undefined / MediaService / GetStreamUri
2021-05-20 11:52:06 info: SOAP / undefined / MediaService / GetStreamUri
2021-05-20 11:52:06 info: SOAP / undefined / MediaService / GetVideoSourceConfiguration
2021-05-20 12:44:06 info: SOAP / undefined / MediaService / GetProfile
2021-05-20 12:44:06 info: SOAP / undefined / MediaService / GetVideoEncoderConfigurationOptions
2021-05-20 12:44:06 info: SOAP / undefined / MediaService / GetProfile
2021-05-20 12:44:06 info: SOAP / undefined / MediaService / GetStreamUri
