2021-06-02 16:32:25 info: SOAP / undefined / DeviceService / GetSystemDateAndTime
2021-06-02 16:32:25 info: SOAP / undefined / DeviceService / GetCapabilities
2021-06-02 16:32:26 info: SOAP / undefined / MediaService / GetProfiles
2021-06-02 16:32:26 info: SOAP / undefined / MediaService / GetVideoEncoderConfiguration
2021-06-02 16:32:26 info: SOAP / undefined / PTZService / GetNode
2021-06-02 16:32:26 info: SOAP / undefined / DeviceService / GetScopes
2021-06-02 16:32:26 info: SOAP / undefined / DeviceService / GetDeviceInformation
2021-06-02 16:32:26 info: SOAP / undefined / DeviceService / GetDiscoveryMode
2021-06-02 16:32:26 info: SOAP / undefined / DeviceService / GetNetworkProtocols
2021-06-02 16:32:26 info: SOAP / undefined / DeviceService / GetNetworkInterfaces
2021-06-02 16:32:26 info: SOAP / undefined / DeviceService / GetNetworkInterfaces
2021-06-02 16:32:26 info: SOAP / undefined / DeviceService / GetNetworkInterfaces
2021-06-02 16:32:26 info: SOAP / undefined / DeviceService / GetNetworkDefaultGateway
2021-06-02 16:32:26 info: SOAP / undefined / DeviceService / GetHostname
2021-06-02 16:32:26 info: SOAP / undefined / DeviceService / GetDNS
2021-06-02 16:32:26 info: SOAP / undefined / DeviceService / GetNTP
2021-06-02 16:32:26 info: SOAP / undefined / MediaService / GetStreamUri
2021-06-02 16:32:28 info: SOAP / undefined / PTZService / GetNode
2021-06-02 16:32:28 info: SOAP / undefined / PTZService / GetPresets
2021-06-02 18:53:51 info: SOAP / undefined / DeviceService / GetSystemDateAndTime
2021-06-02 18:53:51 info: SOAP / undefined / DeviceService / GetCapabilities
2021-06-02 18:53:51 info: SOAP / undefined / MediaService / GetProfiles
2021-06-02 18:53:51 info: SOAP / undefined / MediaService / GetVideoEncoderConfiguration
2021-06-02 18:53:51 info: SOAP / undefined / PTZService / GetNode
2021-06-02 18:53:51 info: SOAP / undefined / DeviceService / GetScopes
2021-06-02 18:53:51 info: SOAP / undefined / DeviceService / GetDeviceInformation
2021-06-02 18:53:51 info: SOAP / undefined / DeviceService / GetDiscoveryMode
2021-06-02 18:53:51 info: SOAP / undefined / DeviceService / GetNetworkProtocols
2021-06-02 18:53:51 info: SOAP / undefined / DeviceService / GetNetworkInterfaces
2021-06-02 18:53:51 info: SOAP / undefined / DeviceService / GetNetworkInterfaces
2021-06-02 18:53:51 info: SOAP / undefined / DeviceService / GetNetworkInterfaces
2021-06-02 18:53:51 info: SOAP / undefined / DeviceService / GetNetworkDefaultGateway
2021-06-02 18:53:51 info: SOAP / undefined / DeviceService / GetHostname
2021-06-02 18:53:51 info: SOAP / undefined / DeviceService / GetDNS
2021-06-02 18:53:51 info: SOAP / undefined / DeviceService / GetNTP
2021-06-02 18:53:51 info: SOAP / undefined / MediaService / GetStreamUri
2021-06-02 18:53:52 info: SOAP / undefined / DeviceService / GetSystemDateAndTime
2021-06-02 18:53:52 info: SOAP / undefined / DeviceService / GetCapabilities
2021-06-02 18:53:52 info: SOAP / undefined / MediaService / GetProfiles
2021-06-02 18:53:52 info: SOAP / undefined / MediaService / GetVideoEncoderConfiguration
2021-06-02 18:53:52 info: SOAP / undefined / PTZService / GetNode
2021-06-02 18:53:52 info: SOAP / undefined / DeviceService / GetScopes
2021-06-02 18:53:52 info: SOAP / undefined / DeviceService / GetDeviceInformation
2021-06-02 18:53:52 info: SOAP / undefined / DeviceService / GetDiscoveryMode
2021-06-02 18:53:52 info: SOAP / undefined / DeviceService / GetSystemDateAndTime
2021-06-02 18:53:52 info: SOAP / undefined / DeviceService / GetNetworkProtocols
2021-06-02 18:53:52 info: SOAP / undefined / DeviceService / GetCapabilities
2021-06-02 18:53:52 info: SOAP / undefined / DeviceService / GetNetworkInterfaces
2021-06-02 18:53:52 info: SOAP / undefined / DeviceService / GetNetworkInterfaces
2021-06-02 18:53:52 info: SOAP / undefined / DeviceService / GetNetworkInterfaces
2021-06-02 18:53:52 info: SOAP / undefined / DeviceService / GetNetworkDefaultGateway
2021-06-02 18:53:52 info: SOAP / undefined / DeviceService / GetHostname
2021-06-02 18:53:52 info: SOAP / undefined / MediaService / GetProfiles
2021-06-02 18:53:52 info: SOAP / undefined / DeviceService / GetDNS
2021-06-02 18:53:52 info: SOAP / undefined / MediaService / GetVideoEncoderConfiguration
2021-06-02 18:53:52 info: SOAP / undefined / DeviceService / GetNTP
2021-06-02 18:53:53 info: GET / ::ffff:192.168.0.24
2021-06-02 18:53:59 info: SOAP / undefined / PTZService / GetNode
2021-06-02 18:53:59 info: SOAP / undefined / PTZService / GetPresets
2021-06-02 18:54:20 info: GET / ::ffff:192.168.0.24
2021-06-02 18:54:25 info: GET / ::ffff:192.168.0.24
2021-06-02 23:31:49 info: GET / ::ffff:192.168.0.24
2021-06-02 23:32:29 info: GET / ::ffff:192.168.0.24
2021-06-02 23:41:11 info: SOAP / undefined / DeviceService / GetSystemDateAndTime
2021-06-02 23:41:11 info: SOAP / undefined / DeviceService / GetDeviceInformation
2021-06-02 23:41:11 info: SOAP / undefined / DeviceService / GetScopes
2021-06-02 23:41:11 info: SOAP / undefined / DeviceService / GetDNS
2021-06-02 23:41:11 info: SOAP / undefined / DeviceService / GetNetworkInterfaces
2021-06-02 23:41:12 info: SOAP / undefined / DeviceService / GetSystemDateAndTime
2021-06-02 23:41:12 info: SOAP / undefined / DeviceService / GetCapabilities
2021-06-02 23:41:12 info: SOAP / undefined / DeviceService / GetServices
2021-06-02 23:41:12 info: SOAP / undefined / DeviceService / GetCapabilities
2021-06-02 23:41:13 info: SOAP / undefined / MediaService / GetVideoSources
2021-06-02 23:41:13 info: SOAP / undefined / MediaService / GetProfiles
2021-06-02 23:41:13 info: SOAP / undefined / MediaService / GetProfiles
2021-06-02 23:41:13 info: SOAP / undefined / MediaService / GetSnapshotUri
2021-06-02 23:41:14 info: SOAP / undefined / MediaService / GetProfile
2021-06-02 23:41:15 info: SOAP / undefined / MediaService / GetStreamUri
2021-06-02 23:41:15 info: SOAP / undefined / MediaService / GetProfile
2021-06-02 23:41:15 info: SOAP / undefined / MediaService / GetVideoSourceConfiguration
2021-06-02 23:41:15 info: SOAP / undefined / MediaService / GetStreamUri
2021-06-02 23:43:41 info: SOAP / undefined / MediaService / GetProfile
2021-06-02 23:43:42 info: SOAP / undefined / MediaService / GetProfile
2021-06-02 23:43:42 info: SOAP / undefined / MediaService / GetStreamUri
2021-06-02 23:43:42 info: SOAP / undefined / MediaService / GetStreamUri
2021-06-02 23:43:42 info: SOAP / undefined / MediaService / GetVideoSourceConfiguration
2021-06-02 23:43:49 info: SOAP / undefined / MediaService / GetProfile
2021-06-02 23:43:49 info: SOAP / undefined / MediaService / GetVideoEncoderConfigurationOptions
2021-06-02 23:43:49 info: SOAP / undefined / MediaService / GetProfile
2021-06-02 23:43:49 info: SOAP / undefined / MediaService / GetStreamUri
2021-06-02 23:47:17 info: SOAP / undefined / MediaService / GetProfile
2021-06-02 23:47:17 info: SOAP / undefined / MediaService / GetVideoEncoderConfigurationOptions
2021-06-02 23:47:17 info: SOAP / undefined / MediaService / GetProfile
2021-06-02 23:47:17 info: SOAP / undefined / MediaService / GetStreamUri
