2021-08-05 10:15:12 info: SOAP / undefined / DeviceService / GetSystemDateAndTime
2021-08-05 10:15:20 info: SOAP / undefined / DeviceService / GetSystemDateAndTime
2021-08-05 10:15:31 info: SOAP / undefined / DeviceService / GetSystemDateAndTime
2021-08-05 10:15:58 info: SOAP / undefined / DeviceService / GetSystemDateAndTime
2021-08-05 10:15:58 info: SOAP / undefined / DeviceService / GetCapabilities
2021-08-05 10:15:58 info: SOAP / undefined / DeviceService / GetDeviceInformation
2021-08-05 10:15:58 info: SOAP / undefined / MediaService / GetProfiles
2021-08-05 10:15:58 info: SOAP / undefined / MediaService / GetStreamUri
2021-08-05 10:15:58 info: SOAP / undefined / MediaService / GetStreamUri
2021-08-05 10:15:58 info: SOAP / undefined / MediaService / GetStreamUri
2021-08-05 10:15:58 info: SOAP / undefined / MediaService / GetSnapshotUri
2021-08-05 10:19:01 info: SOAP / undefined / DeviceService / GetSystemDateAndTime
2021-08-05 10:19:01 info: SOAP / undefined / DeviceService / GetCapabilities
2021-08-05 10:19:01 info: SOAP / undefined / DeviceService / GetDeviceInformation
2021-08-05 10:19:01 info: SOAP / undefined / MediaService / GetProfiles
2021-08-05 10:19:01 info: SOAP / undefined / MediaService / GetStreamUri
2021-08-05 10:19:01 info: SOAP / undefined / MediaService / GetStreamUri
2021-08-05 10:19:01 info: SOAP / undefined / MediaService / GetStreamUri
2021-08-05 10:19:01 info: SOAP / undefined / MediaService / GetSnapshotUri
2021-08-05 10:40:29 info: SOAP / undefined / DeviceService / GetSystemDateAndTime
2021-08-05 10:40:29 info: SOAP / undefined / DeviceService / GetSystemDateAndTime
