2021-06-03 00:35:56 info: SOAP / undefined / MediaService / GetProfile
2021-06-03 00:35:57 info: SOAP / undefined / MediaService / GetVideoEncoderConfigurationOptions
2021-06-03 00:35:57 info: SOAP / undefined / MediaService / GetProfile
2021-06-03 00:35:57 info: SOAP / undefined / MediaService / GetStreamUri
2021-06-03 00:36:06 info: SOAP / undefined / MediaService / GetProfile
2021-06-03 00:36:06 info: SOAP / undefined / MediaService / GetProfile
2021-06-03 00:36:06 info: SOAP / undefined / MediaService / GetStreamUri
2021-06-03 00:36:06 info: SOAP / undefined / MediaService / GetStreamUri
2021-06-03 00:36:06 info: SOAP / undefined / MediaService / GetVideoSourceConfiguration
2021-06-03 00:36:44 info: SOAP / undefined / MediaService / GetProfile
2021-06-03 00:36:44 info: SOAP / undefined / MediaService / GetVideoEncoderConfigurationOptions
2021-06-03 00:36:44 info: SOAP / undefined / MediaService / GetProfile
2021-06-03 00:36:44 info: SOAP / undefined / MediaService / GetStreamUri
2021-06-03 00:36:48 info: SOAP / undefined / MediaService / GetProfile
2021-06-03 00:36:48 info: SOAP / undefined / MediaService / GetProfile
2021-06-03 00:36:48 info: SOAP / undefined / MediaService / GetStreamUri
2021-06-03 00:36:48 info: SOAP / undefined / MediaService / GetStreamUri
2021-06-03 00:36:48 info: SOAP / undefined / MediaService / GetVideoSourceConfiguration
2021-06-03 00:36:50 info: SOAP / undefined / MediaService / GetProfile
2021-06-03 00:36:50 info: SOAP / undefined / MediaService / GetVideoEncoderConfigurationOptions
2021-06-03 00:36:51 info: SOAP / undefined / MediaService / GetProfile
2021-06-03 00:36:51 info: SOAP / undefined / MediaService / GetStreamUri
2021-06-03 00:36:53 info: SOAP / undefined / MediaService / GetProfiles
2021-06-03 00:36:53 info: SOAP / undefined / MediaService / GetAudioSources
2021-06-03 00:36:53 info: SOAP / undefined / PTZService / GetNodes
2021-06-03 00:37:01 info: SOAP / undefined / MediaService / GetCompatibleVideoEncoderConfigurations
2021-06-03 00:37:01 info: SOAP / undefined / MediaService / GetCompatibleMetadataConfigurations
2021-06-03 00:37:01 info: SOAP / undefined / PTZService / GetConfigurations
2021-06-03 00:38:11 info: SOAP / undefined / MediaService / GetProfile
2021-06-03 00:38:11 info: SOAP / undefined / MediaService / GetVideoEncoderConfigurationOptions
2021-06-03 00:38:11 info: SOAP / undefined / MediaService / GetProfile
2021-06-03 00:38:11 info: SOAP / undefined / MediaService / GetStreamUri
2021-06-03 00:38:15 info: SOAP / undefined / MediaService / GetProfiles
2021-06-03 00:38:15 info: SOAP / undefined / PTZService / GetNodes
2021-06-03 00:38:18 info: SOAP / undefined / MediaService / GetCompatibleMetadataConfigurations
2021-06-03 00:38:18 info: SOAP / undefined / MediaService / GetCompatibleVideoEncoderConfigurations
2021-06-03 00:38:18 info: SOAP / undefined / PTZService / GetConfigurations
2021-06-03 00:38:26 info: SOAP / undefined / MediaService / AddVideoEncoderConfiguration
2021-06-03 00:38:26 info: SOAP / undefined / MediaService / AddPTZConfiguration
2021-06-03 00:38:28 info: SOAP / undefined / MediaService / GetProfile
2021-06-03 00:38:28 info: SOAP / undefined / MediaService / GetVideoEncoderConfigurationOptions
2021-06-03 00:38:28 info: SOAP / undefined / MediaService / GetProfile
2021-06-03 00:38:28 info: SOAP / undefined / MediaService / GetStreamUri
2021-06-03 00:39:18 info: SOAP / undefined / MediaService / GetProfile
2021-06-03 00:39:18 info: SOAP / undefined / MediaService / GetVideoEncoderConfigurationOptions
2021-06-03 00:39:18 info: SOAP / undefined / MediaService / GetProfile
2021-06-03 00:39:18 info: SOAP / undefined / MediaService / GetStreamUri
2021-06-03 00:39:55 info: SOAP / undefined / MediaService / GetProfile
2021-06-03 00:39:55 info: SOAP / undefined / MediaService / GetVideoEncoderConfigurationOptions
2021-06-03 00:39:55 info: SOAP / undefined / MediaService / GetProfile
2021-06-03 00:39:55 info: SOAP / undefined / MediaService / GetStreamUri
2021-06-03 10:32:59 info: SOAP / undefined / DeviceService / GetSystemDateAndTime
2021-06-03 10:33:00 info: SOAP / undefined / DeviceService / GetNetworkInterfaces
2021-06-03 10:33:00 info: SOAP / undefined / DeviceService / GetScopes
2021-06-03 10:33:00 info: SOAP / undefined / DeviceService / GetDeviceInformation
2021-06-03 10:33:00 info: SOAP / undefined / DeviceService / GetDNS
2021-06-03 10:33:00 info: SOAP / undefined / DeviceService / GetSystemDateAndTime
2021-06-03 10:33:00 info: SOAP / undefined / DeviceService / GetCapabilities
2021-06-03 10:33:00 info: SOAP / undefined / DeviceService / GetServices
2021-06-03 10:33:00 info: SOAP / undefined / DeviceService / GetCapabilities
2021-06-03 10:33:00 info: SOAP / undefined / MediaService / GetVideoSources
2021-06-03 10:33:00 info: SOAP / undefined / MediaService / GetProfiles
2021-06-03 10:33:00 info: SOAP / undefined / MediaService / GetProfiles
2021-06-03 10:33:01 info: SOAP / undefined / MediaService / GetSnapshotUri
2021-06-03 10:33:02 info: SOAP / undefined / MediaService / GetProfile
2021-06-03 10:33:02 info: SOAP / undefined / MediaService / GetVideoEncoderConfigurationOptions
2021-06-03 10:33:02 info: SOAP / undefined / MediaService / GetProfile
2021-06-03 10:33:02 info: SOAP / undefined / MediaService / GetStreamUri
2021-06-03 10:34:11 info: SOAP / undefined / MediaService / GetProfile
2021-06-03 10:34:11 info: SOAP / undefined / MediaService / GetVideoEncoderConfigurationOptions
2021-06-03 10:34:11 info: SOAP / undefined / MediaService / GetProfile
2021-06-03 10:34:11 info: SOAP / undefined / MediaService / GetStreamUri
2021-06-03 10:34:17 info: SOAP / undefined / MediaService / GetProfile
2021-06-03 10:34:17 info: SOAP / undefined / MediaService / GetVideoEncoderConfigurationOptions
2021-06-03 10:34:17 info: SOAP / undefined / MediaService / SetVideoEncoderConfiguration
2021-06-03 10:34:17 info: SOAP / undefined / MediaService / GetProfile
2021-06-03 10:34:17 info: SOAP / undefined / MediaService / GetVideoEncoderConfigurationOptions
2021-06-03 10:34:17 info: SOAP / undefined / MediaService / GetProfile
2021-06-03 10:34:17 info: SOAP / undefined / MediaService / GetStreamUri
2021-06-03 10:34:18 info: SOAP / undefined / MediaService / GetProfile
2021-06-03 10:34:18 info: SOAP / undefined / MediaService / GetProfile
2021-06-03 10:34:18 info: SOAP / undefined / MediaService / GetStreamUri
2021-06-03 10:34:18 info: SOAP / undefined / MediaService / GetStreamUri
2021-06-03 10:34:18 info: SOAP / undefined / MediaService / GetVideoSourceConfiguration
2021-06-03 10:34:49 info: SOAP / undefined / MediaService / GetProfile
2021-06-03 10:34:49 info: SOAP / undefined / MediaService / GetVideoEncoderConfigurationOptions
2021-06-03 10:34:49 info: SOAP / undefined / MediaService / GetProfile
2021-06-03 10:34:49 info: SOAP / undefined / MediaService / GetStreamUri
2021-06-03 10:34:55 info: SOAP / undefined / MediaService / GetProfile
2021-06-03 10:34:55 info: SOAP / undefined / MediaService / GetVideoEncoderConfigurationOptions
2021-06-03 10:34:55 info: SOAP / undefined / MediaService / SetVideoEncoderConfiguration
2021-06-03 10:34:55 info: SOAP / undefined / MediaService / GetProfile
2021-06-03 10:34:55 info: SOAP / undefined / MediaService / GetVideoEncoderConfigurationOptions
2021-06-03 10:34:55 info: SOAP / undefined / MediaService / GetProfile
2021-06-03 10:34:55 info: SOAP / undefined / MediaService / GetStreamUri
2021-06-03 10:34:57 info: SOAP / undefined / MediaService / GetProfile
2021-06-03 10:34:57 info: SOAP / undefined / MediaService / GetVideoEncoderConfigurationOptions
2021-06-03 10:34:57 info: SOAP / undefined / MediaService / GetProfile
2021-06-03 10:34:57 info: SOAP / undefined / MediaService / GetStreamUri
2021-06-03 10:34:58 info: SOAP / undefined / MediaService / GetProfile
2021-06-03 10:34:58 info: SOAP / undefined / MediaService / GetVideoEncoderConfigurationOptions
2021-06-03 10:34:58 info: SOAP / undefined / MediaService / GetProfile
2021-06-03 10:34:58 info: SOAP / undefined / MediaService / GetStreamUri
2021-06-03 10:34:59 info: SOAP / undefined / MediaService / GetProfiles
2021-06-03 10:34:59 info: SOAP / undefined / MediaService / GetAudioSources
2021-06-03 10:34:59 info: SOAP / undefined / PTZService / GetNodes
2021-06-03 10:35:01 info: SOAP / undefined / MediaService / GetCompatibleVideoEncoderConfigurations
2021-06-03 10:35:01 info: SOAP / undefined / MediaService / GetCompatibleMetadataConfigurations
2021-06-03 10:35:01 info: SOAP / undefined / PTZService / GetConfigurations
2021-06-03 10:35:06 info: SOAP / undefined / MediaService / AddVideoEncoderConfiguration
2021-06-03 10:35:06 info: SOAP / undefined / MediaService / AddPTZConfiguration
2021-06-03 10:35:07 info: SOAP / undefined / MediaService / GetProfile
2021-06-03 10:35:07 info: SOAP / undefined / MediaService / GetVideoEncoderConfigurationOptions
2021-06-03 10:35:07 info: SOAP / undefined / MediaService / GetProfile
2021-06-03 10:35:07 info: SOAP / undefined / MediaService / GetStreamUri
2021-06-03 10:35:33 info: SOAP / undefined / MediaService / GetProfile
2021-06-03 10:35:33 info: SOAP / undefined / MediaService / GetVideoEncoderConfigurationOptions
2021-06-03 10:35:33 info: SOAP / undefined / MediaService / GetProfile
2021-06-03 10:35:33 info: SOAP / undefined / MediaService / GetStreamUri
2021-06-03 10:35:39 info: SOAP / undefined / MediaService / GetProfile
2021-06-03 10:35:39 info: SOAP / undefined / MediaService / GetProfile
2021-06-03 10:35:39 info: SOAP / undefined / MediaService / GetStreamUri
2021-06-03 10:35:39 info: SOAP / undefined / MediaService / GetStreamUri
2021-06-03 10:35:39 info: SOAP / undefined / MediaService / GetVideoSourceConfiguration
2021-06-03 10:36:14 info: SOAP / undefined / DeviceService / GetSystemDateAndTime
2021-06-03 10:36:14 info: SOAP / undefined / DeviceService / GetCapabilities
2021-06-03 10:36:14 info: SOAP / undefined / DeviceService / GetServices
2021-06-03 10:36:15 info: SOAP / undefined / DeviceService / GetCapabilities
2021-06-03 10:36:15 info: SOAP / undefined / MediaService / GetVideoSources
2021-06-03 10:36:15 info: SOAP / undefined / MediaService / GetProfiles
2021-06-03 10:36:15 info: SOAP / undefined / MediaService / GetProfiles
2021-06-03 10:36:15 info: SOAP / undefined / MediaService / GetSnapshotUri
2021-06-03 10:36:17 info: SOAP / undefined / MediaService / GetProfile
2021-06-03 10:36:17 info: SOAP / undefined / MediaService / GetProfile
2021-06-03 10:36:17 info: SOAP / undefined / MediaService / GetStreamUri
2021-06-03 10:36:17 info: SOAP / undefined / MediaService / GetStreamUri
2021-06-03 10:36:17 info: SOAP / undefined / MediaService / GetVideoSourceConfiguration
2021-06-03 10:36:23 info: SOAP / undefined / MediaService / GetProfile
2021-06-03 10:36:23 info: SOAP / undefined / MediaService / GetVideoEncoderConfigurationOptions
2021-06-03 10:36:23 info: SOAP / undefined / MediaService / GetProfile
2021-06-03 10:36:23 info: SOAP / undefined / MediaService / GetStreamUri
2021-06-03 10:36:49 info: SOAP / undefined / MediaService / GetProfile
2021-06-03 10:36:49 info: SOAP / undefined / MediaService / GetVideoEncoderConfigurationOptions
2021-06-03 10:36:49 info: SOAP / undefined / MediaService / GetProfile
2021-06-03 10:36:49 info: SOAP / undefined / MediaService / GetStreamUri
2021-06-03 10:36:51 info: SOAP / undefined / MediaService / GetProfile
2021-06-03 10:36:51 info: SOAP / undefined / MediaService / GetProfile
2021-06-03 10:36:51 info: SOAP / undefined / MediaService / GetStreamUri
2021-06-03 10:36:51 info: SOAP / undefined / MediaService / GetVideoSourceConfiguration
2021-06-03 10:36:51 info: SOAP / undefined / MediaService / GetStreamUri
2021-06-03 10:36:53 info: SOAP / undefined / MediaService / GetProfile
2021-06-03 10:36:53 info: SOAP / undefined / MediaService / GetVideoEncoderConfigurationOptions
2021-06-03 10:36:53 info: SOAP / undefined / MediaService / GetProfile
2021-06-03 10:36:53 info: SOAP / undefined / MediaService / GetStreamUri
2021-06-03 10:38:01 info: GET / ::ffff:192.168.0.24
2021-06-03 10:38:06 info: GET / ::ffff:192.168.0.24
