2021-07-15 09:45:23 info: GET / ::ffff:192.168.0.24
2021-07-15 09:45:32 info: GET / ::ffff:192.168.0.24
2021-07-15 10:21:43 info: GET / ::ffff:192.168.0.24
2021-07-15 10:22:31 info: SOAP / undefined / DeviceService / GetSystemDateAndTime
2021-07-15 10:22:31 info: SOAP / undefined / DeviceService / GetSystemDateAndTime
2021-07-15 10:22:31 info: SOAP / undefined / DeviceService / GetDNS
2021-07-15 10:22:31 info: SOAP / undefined / DeviceService / GetCapabilities
2021-07-15 10:22:31 info: SOAP / undefined / DeviceService / GetDeviceInformation
2021-07-15 10:22:31 info: SOAP / undefined / DeviceService / GetScopes
2021-07-15 10:22:31 info: SOAP / undefined / DeviceService / GetNetworkInterfaces
2021-07-15 10:22:31 info: SOAP / undefined / DeviceService / GetServices
2021-07-15 10:22:31 info: SOAP / undefined / DeviceService / GetCapabilities
2021-07-15 10:22:32 info: SOAP / undefined / MediaService / GetVideoSources
2021-07-15 10:22:32 info: SOAP / undefined / MediaService / GetProfiles
2021-07-15 10:22:32 info: SOAP / undefined / MediaService / GetProfiles
2021-07-15 10:22:32 info: SOAP / undefined / MediaService / GetSnapshotUri
2021-07-15 10:22:33 info: SOAP / undefined / MediaService / GetProfile
2021-07-15 10:22:33 info: SOAP / undefined / MediaService / GetProfile
2021-07-15 10:22:33 info: SOAP / undefined / MediaService / GetStreamUri
2021-07-15 10:22:33 info: SOAP / undefined / MediaService / GetStreamUri
2021-07-15 10:22:33 info: SOAP / undefined / MediaService / GetVideoSourceConfiguration
2021-07-15 10:22:42 info: SOAP / undefined / MediaService / GetProfile
2021-07-15 10:22:42 info: SOAP / undefined / MediaService / GetVideoEncoderConfigurationOptions
2021-07-15 10:22:42 info: SOAP / undefined / MediaService / GetProfile
2021-07-15 10:22:42 info: SOAP / undefined / MediaService / GetStreamUri
2021-07-15 10:22:43 info: SOAP / undefined / MediaService / GetProfile
2021-07-15 10:22:43 info: SOAP / undefined / ImagingService / GetMoveOptions
2021-07-15 10:22:43 info: SOAP / undefined / ImagingService / GetOptions
2021-07-15 10:22:43 info: SOAP / undefined / ImagingService / GetImagingSettings
2021-07-15 10:22:43 info: SOAP / undefined / ImagingService / GetStatus
2021-07-15 10:22:43 info: SOAP / undefined / MediaService / GetProfile
2021-07-15 10:22:43 info: SOAP / undefined / ImagingService / GetStatus
2021-07-15 10:22:43 info: SOAP / undefined / MediaService / GetStreamUri
2021-07-15 10:22:44 info: SOAP / undefined / MediaService / GetProfile
2021-07-15 10:22:44 info: SOAP / undefined / MediaService / GetVideoEncoderConfigurationOptions
2021-07-15 10:22:44 info: SOAP / undefined / MediaService / GetProfile
2021-07-15 10:22:44 info: SOAP / undefined / MediaService / GetStreamUri
2021-07-15 10:22:49 info: SOAP / undefined / MediaService / GetProfile
2021-07-15 10:22:49 info: SOAP / undefined / MediaService / GetVideoEncoderConfigurationOptions
2021-07-15 10:22:49 info: SOAP / undefined / MediaService / SetVideoEncoderConfiguration
2021-07-15 10:22:49 info: SOAP / undefined / MediaService / GetProfile
2021-07-15 10:22:49 info: SOAP / undefined / MediaService / GetVideoEncoderConfigurationOptions
2021-07-15 10:22:50 info: SOAP / undefined / MediaService / GetProfile
2021-07-15 10:22:50 info: SOAP / undefined / MediaService / GetStreamUri
2021-07-15 10:22:58 info: SOAP / undefined / MediaService / GetProfile
2021-07-15 10:22:58 info: SOAP / undefined / MediaService / GetVideoEncoderConfigurationOptions
2021-07-15 10:22:58 info: SOAP / undefined / MediaService / GetProfile
2021-07-15 10:22:58 info: SOAP / undefined / MediaService / GetStreamUri
2021-07-15 10:27:39 info: SOAP / undefined / MediaService / GetProfile
2021-07-15 10:27:39 info: SOAP / undefined / MediaService / GetVideoEncoderConfigurationOptions
2021-07-15 10:27:39 info: SOAP / undefined / MediaService / GetProfile
2021-07-15 10:27:39 info: SOAP / undefined / MediaService / GetStreamUri
2021-07-15 10:28:19 info: SOAP / undefined / DeviceService / GetSystemDateAndTime
2021-07-15 10:28:19 info: SOAP / undefined / DeviceService / GetDeviceInformation
2021-07-15 10:28:19 info: SOAP / undefined / DeviceService / GetNetworkInterfaces
2021-07-15 10:28:19 info: SOAP / undefined / DeviceService / GetScopes
2021-07-15 10:28:19 info: SOAP / undefined / DeviceService / GetDNS
2021-07-15 10:28:20 info: SOAP / undefined / DeviceService / GetSystemDateAndTime
2021-07-15 10:28:20 info: SOAP / undefined / DeviceService / GetCapabilities
2021-07-15 10:28:20 info: SOAP / undefined / DeviceService / GetServices
2021-07-15 10:28:20 info: SOAP / undefined / DeviceService / GetCapabilities
2021-07-15 10:28:20 info: SOAP / undefined / MediaService / GetVideoSources
2021-07-15 10:28:20 info: SOAP / undefined / MediaService / GetProfiles
2021-07-15 10:28:20 info: SOAP / undefined / MediaService / GetProfiles
2021-07-15 10:28:20 info: SOAP / undefined / MediaService / GetSnapshotUri
2021-07-15 10:28:21 info: SOAP / undefined / MediaService / GetProfile
2021-07-15 10:28:21 info: SOAP / undefined / MediaService / GetProfile
2021-07-15 10:28:21 info: SOAP / undefined / MediaService / GetStreamUri
2021-07-15 10:28:21 info: SOAP / undefined / MediaService / GetStreamUri
2021-07-15 10:28:21 info: SOAP / undefined / MediaService / GetVideoSourceConfiguration
2021-07-15 10:28:39 info: SOAP / undefined / MediaService / GetProfile
2021-07-15 10:28:39 info: SOAP / undefined / MediaService / GetVideoEncoderConfigurationOptions
2021-07-15 10:28:39 info: SOAP / undefined / MediaService / GetProfile
2021-07-15 10:28:39 info: SOAP / undefined / MediaService / GetStreamUri
2021-07-15 10:30:32 info: SOAP / undefined / DeviceService / GetSystemDateAndTime
2021-07-15 10:30:32 info: SOAP / undefined / DeviceService / GetNetworkInterfaces
2021-07-15 10:30:32 info: SOAP / undefined / DeviceService / GetScopes
2021-07-15 10:30:32 info: SOAP / undefined / DeviceService / GetDeviceInformation
2021-07-15 10:30:32 info: SOAP / undefined / DeviceService / GetDNS
2021-07-15 10:30:38 info: SOAP / undefined / DeviceService / GetSystemDateAndTime
2021-07-15 10:30:38 info: SOAP / undefined / DeviceService / GetDeviceInformation
2021-07-15 10:30:38 info: SOAP / undefined / DeviceService / GetDNS
2021-07-15 10:30:38 info: SOAP / undefined / DeviceService / GetScopes
2021-07-15 10:30:38 info: SOAP / undefined / DeviceService / GetNetworkInterfaces
2021-07-15 10:30:39 info: SOAP / undefined / DeviceService / GetSystemDateAndTime
2021-07-15 10:30:39 info: SOAP / undefined / DeviceService / GetCapabilities
2021-07-15 10:30:39 info: SOAP / undefined / DeviceService / GetServices
2021-07-15 10:30:39 info: SOAP / undefined / DeviceService / GetCapabilities
2021-07-15 10:30:39 info: SOAP / undefined / MediaService / GetVideoSources
2021-07-15 10:30:39 info: SOAP / undefined / MediaService / GetProfiles
2021-07-15 10:30:39 info: SOAP / undefined / MediaService / GetProfiles
2021-07-15 10:30:39 info: SOAP / undefined / MediaService / GetSnapshotUri
2021-07-15 10:30:48 info: SOAP / undefined / MediaService / GetProfile
2021-07-15 10:30:48 info: SOAP / undefined / MediaService / GetProfile
2021-07-15 10:30:48 info: SOAP / undefined / MediaService / GetStreamUri
2021-07-15 10:30:48 info: SOAP / undefined / MediaService / GetStreamUri
2021-07-15 10:30:48 info: SOAP / undefined / MediaService / GetVideoSourceConfiguration
2021-07-15 10:31:42 info: GET / ::ffff:192.168.0.24
2021-07-15 10:31:54 info: GET / ::ffff:192.168.0.24
2021-07-15 10:44:46 info: SOAP / undefined / MediaService / GetProfile
2021-07-15 10:44:46 info: SOAP / undefined / ImagingService / GetOptions
2021-07-15 10:44:46 info: SOAP / undefined / ImagingService / GetImagingSettings
2021-07-15 10:44:46 info: SOAP / undefined / ImagingService / GetMoveOptions
2021-07-15 10:44:46 info: SOAP / undefined / ImagingService / GetStatus
2021-07-15 10:44:46 info: SOAP / undefined / MediaService / GetProfile
2021-07-15 10:44:46 info: SOAP / undefined / ImagingService / GetStatus
2021-07-15 10:44:46 info: SOAP / undefined / MediaService / GetStreamUri
2021-07-15 10:44:48 info: SOAP / undefined / MediaService / GetProfile
2021-07-15 10:44:48 info: SOAP / undefined / MediaService / GetVideoEncoderConfigurationOptions
2021-07-15 10:44:48 info: SOAP / undefined / MediaService / GetProfile
2021-07-15 10:44:48 info: SOAP / undefined / MediaService / GetStreamUri
2021-07-15 10:44:53 info: SOAP / undefined / MediaService / GetProfile
2021-07-15 10:44:53 info: SOAP / undefined / MediaService / GetVideoEncoderConfigurationOptions
2021-07-15 10:44:53 info: SOAP / undefined / MediaService / SetVideoEncoderConfiguration
2021-07-15 10:44:53 info: SOAP / undefined / MediaService / GetProfile
2021-07-15 10:44:53 info: SOAP / undefined / MediaService / GetVideoEncoderConfigurationOptions
2021-07-15 10:44:53 info: SOAP / undefined / MediaService / GetProfile
2021-07-15 10:44:53 info: SOAP / undefined / MediaService / GetStreamUri
2021-07-15 10:44:57 info: SOAP / undefined / MediaService / GetProfile
2021-07-15 10:44:57 info: SOAP / undefined / MediaService / GetVideoEncoderConfigurationOptions
2021-07-15 10:44:57 info: SOAP / undefined / MediaService / GetProfile
2021-07-15 10:44:57 info: SOAP / undefined / MediaService / GetStreamUri
2021-07-15 10:51:06 info: GET / ::ffff:192.168.0.24
2021-07-15 10:51:14 info: GET / ::ffff:192.168.0.24
