2021-05-25 20:13:16 info: SOAP / undefined / MediaService / GetProfile
2021-05-25 20:13:16 info: SOAP / undefined / MediaService / GetProfile
2021-05-25 20:13:16 info: SOAP / undefined / MediaService / GetStreamUri
2021-05-25 20:13:16 info: SOAP / undefined / MediaService / GetStreamUri
2021-05-25 20:13:16 info: SOAP / undefined / MediaService / GetVideoSourceConfiguration
2021-05-25 20:13:24 info: SOAP / undefined / MediaService / GetProfile
2021-05-25 20:13:24 info: SOAP / undefined / MediaService / GetProfile
2021-05-25 20:13:24 info: SOAP / undefined / MediaService / GetStreamUri
2021-05-25 20:13:24 info: SOAP / undefined / MediaService / GetStreamUri
2021-05-25 20:13:24 info: SOAP / undefined / MediaService / GetVideoSourceConfiguration
2021-05-25 20:14:03 info: SOAP / undefined / DeviceService / GetSystemDateAndTime
2021-05-25 20:14:03 info: SOAP / undefined / DeviceService / GetScopes
2021-05-25 20:14:03 info: SOAP / undefined / DeviceService / GetDeviceInformation
2021-05-25 20:14:03 info: SOAP / undefined / DeviceService / GetNetworkInterfaces
2021-05-25 20:14:03 info: SOAP / undefined / DeviceService / GetDNS
2021-05-25 20:15:30 info: SOAP / undefined / DeviceService / GetSystemDateAndTime
2021-05-25 20:15:30 info: SOAP / undefined / DeviceService / GetCapabilities
2021-05-25 20:15:30 info: SOAP / undefined / DeviceService / GetServices
2021-05-25 20:15:30 info: SOAP / undefined / DeviceService / GetCapabilities
2021-05-25 20:15:30 info: SOAP / undefined / MediaService / GetVideoSources
2021-05-25 20:15:30 info: SOAP / undefined / MediaService / GetProfiles
2021-05-25 20:15:30 info: SOAP / undefined / MediaService / GetProfiles
2021-05-25 20:15:30 info: SOAP / undefined / MediaService / GetSnapshotUri
2021-05-25 20:15:33 info: SOAP / undefined / MediaService / GetProfile
2021-05-25 20:15:33 info: SOAP / undefined / MediaService / GetProfile
2021-05-25 20:15:33 info: SOAP / undefined / MediaService / GetStreamUri
2021-05-25 20:15:33 info: SOAP / undefined / MediaService / GetStreamUri
2021-05-25 20:15:33 info: SOAP / undefined / MediaService / GetVideoSourceConfiguration
2021-05-25 20:15:43 info: SOAP / undefined / MediaService / GetProfile
2021-05-25 20:15:43 info: SOAP / undefined / MediaService / GetProfile
2021-05-25 20:15:43 info: SOAP / undefined / MediaService / GetStreamUri
2021-05-25 20:15:43 info: SOAP / undefined / MediaService / GetStreamUri
2021-05-25 20:15:43 info: SOAP / undefined / MediaService / GetVideoSourceConfiguration
2021-05-25 20:17:18 info: SOAP / undefined / MediaService / GetProfile
2021-05-25 20:17:18 info: SOAP / undefined / MediaService / GetProfile
2021-05-25 20:17:18 info: SOAP / undefined / MediaService / GetStreamUri
2021-05-25 20:17:18 info: SOAP / undefined / MediaService / GetStreamUri
2021-05-25 20:17:18 info: SOAP / undefined / MediaService / GetVideoSourceConfiguration
2021-05-25 20:17:47 info: SOAP / undefined / MediaService / GetProfile
2021-05-25 20:17:47 info: SOAP / undefined / MediaService / GetProfile
2021-05-25 20:17:48 info: SOAP / undefined / MediaService / GetStreamUri
2021-05-25 20:17:48 info: SOAP / undefined / MediaService / GetStreamUri
2021-05-25 20:17:48 info: SOAP / undefined / MediaService / GetVideoSourceConfiguration
2021-05-25 20:17:54 info: SOAP / undefined / DeviceService / GetSystemDateAndTime
2021-05-25 20:17:54 info: SOAP / undefined / DeviceService / GetDeviceInformation
2021-05-25 20:17:54 info: SOAP / undefined / DeviceService / GetScopes
2021-05-25 20:17:54 info: SOAP / undefined / DeviceService / GetDNS
2021-05-25 20:17:54 info: SOAP / undefined / DeviceService / GetNetworkInterfaces
2021-05-25 20:17:55 info: SOAP / undefined / DeviceService / GetSystemDateAndTime
2021-05-25 20:17:55 info: SOAP / undefined / DeviceService / GetCapabilities
2021-05-25 20:17:55 info: SOAP / undefined / DeviceService / GetServices
2021-05-25 20:17:55 info: SOAP / undefined / DeviceService / GetCapabilities
2021-05-25 20:17:55 info: SOAP / undefined / MediaService / GetVideoSources
2021-05-25 20:17:55 info: SOAP / undefined / MediaService / GetProfiles
2021-05-25 20:17:55 info: SOAP / undefined / MediaService / GetProfiles
2021-05-25 20:17:55 info: SOAP / undefined / MediaService / GetSnapshotUri
2021-05-25 20:17:58 info: SOAP / undefined / MediaService / GetProfile
2021-05-25 20:17:58 info: SOAP / undefined / MediaService / GetProfile
2021-05-25 20:17:58 info: SOAP / undefined / MediaService / GetStreamUri
2021-05-25 20:17:58 info: SOAP / undefined / MediaService / GetStreamUri
2021-05-25 20:17:58 info: SOAP / undefined / MediaService / GetVideoSourceConfiguration
2021-05-25 20:18:22 info: SOAP / undefined / DeviceService / GetSystemDateAndTime
2021-05-25 20:18:22 info: SOAP / undefined / DeviceService / GetDeviceInformation
2021-05-25 20:18:22 info: SOAP / undefined / DeviceService / GetNetworkInterfaces
2021-05-25 20:18:22 info: SOAP / undefined / DeviceService / GetDNS
2021-05-25 20:18:22 info: SOAP / undefined / DeviceService / GetScopes
2021-05-25 20:18:24 info: SOAP / undefined / DeviceService / GetSystemDateAndTime
2021-05-25 20:18:24 info: SOAP / undefined / DeviceService / GetCapabilities
2021-05-25 20:18:24 info: SOAP / undefined / DeviceService / GetServices
2021-05-25 20:18:24 info: SOAP / undefined / DeviceService / GetCapabilities
2021-05-25 20:18:24 info: SOAP / undefined / MediaService / GetVideoSources
2021-05-25 20:18:24 info: SOAP / undefined / MediaService / GetProfiles
2021-05-25 20:18:25 info: SOAP / undefined / MediaService / GetProfiles
2021-05-25 20:18:25 info: SOAP / undefined / MediaService / GetSnapshotUri
2021-05-25 20:18:37 info: SOAP / undefined / DeviceService / GetSystemDateAndTime
2021-05-25 20:18:37 info: SOAP / undefined / DeviceService / GetScopes
2021-05-25 20:18:37 info: SOAP / undefined / DeviceService / GetDNS
2021-05-25 20:18:37 info: SOAP / undefined / DeviceService / GetNetworkInterfaces
2021-05-25 20:18:37 info: SOAP / undefined / DeviceService / GetDeviceInformation
2021-05-25 20:18:37 info: SOAP / undefined / DeviceService / GetSystemDateAndTime
2021-05-25 20:18:37 info: SOAP / undefined / DeviceService / GetCapabilities
2021-05-25 20:18:37 info: SOAP / undefined / DeviceService / GetServices
2021-05-25 20:18:37 info: SOAP / undefined / DeviceService / GetCapabilities
2021-05-25 20:18:37 info: SOAP / undefined / MediaService / GetVideoSources
2021-05-25 20:18:37 info: SOAP / undefined / MediaService / GetProfiles
2021-05-25 20:18:37 info: SOAP / undefined / MediaService / GetProfiles
2021-05-25 20:18:38 info: SOAP / undefined / MediaService / GetSnapshotUri
2021-05-25 20:18:41 info: SOAP / undefined / MediaService / GetProfiles
2021-05-25 20:18:41 info: SOAP / undefined / MediaService / GetAudioSources
2021-05-25 20:18:41 info: SOAP / undefined / PTZService / GetNodes
2021-05-25 20:18:46 info: SOAP / undefined / MediaService / GetProfile
2021-05-25 20:18:46 info: SOAP / undefined / MediaService / GetVideoEncoderConfigurationOptions
2021-05-25 20:18:46 info: SOAP / undefined / MediaService / GetProfile
2021-05-25 20:18:46 info: SOAP / undefined / MediaService / GetStreamUri
