2021-07-21 15:57:46 info: SOAP / undefined / DeviceService / GetSystemDateAndTime
2021-07-21 15:57:46 info: SOAP / undefined / DeviceService / GetScopes
2021-07-21 15:57:46 info: SOAP / undefined / DeviceService / GetDeviceInformation
2021-07-21 15:57:47 info: SOAP / undefined / DeviceService / GetNetworkInterfaces
2021-07-21 15:57:47 info: SOAP / undefined / DeviceService / GetDNS
2021-07-21 15:57:48 info: SOAP / undefined / DeviceService / GetSystemDateAndTime
2021-07-21 15:57:48 info: SOAP / undefined / DeviceService / GetCapabilities
2021-07-21 15:57:48 info: SOAP / undefined / DeviceService / GetServices
2021-07-21 15:57:48 info: SOAP / undefined / DeviceService / GetCapabilities
2021-07-21 15:57:48 info: SOAP / undefined / MediaService / GetVideoSources
2021-07-21 15:57:48 info: SOAP / undefined / MediaService / GetProfiles
2021-07-21 15:57:48 info: SOAP / undefined / MediaService / GetProfiles
2021-07-21 15:57:48 info: SOAP / undefined / MediaService / GetSnapshotUri
2021-07-21 15:57:50 info: SOAP / undefined / MediaService / GetProfile
2021-07-21 15:57:50 info: SOAP / undefined / MediaService / GetProfile
2021-07-21 15:57:50 info: SOAP / undefined / MediaService / GetStreamUri
2021-07-21 15:57:50 info: SOAP / undefined / MediaService / GetStreamUri
2021-07-21 15:57:50 info: SOAP / undefined / MediaService / GetVideoSourceConfiguration
2021-07-21 16:02:13 info: SOAP / undefined / MediaService / GetProfile
2021-07-21 16:02:13 info: SOAP / undefined / MediaService / GetVideoEncoderConfigurationOptions
2021-07-21 16:02:13 info: SOAP / undefined / MediaService / GetProfile
2021-07-21 16:02:13 info: SOAP / undefined / MediaService / GetStreamUri
2021-07-21 16:02:25 info: SOAP / undefined / MediaService / GetProfile
2021-07-21 16:02:25 info: SOAP / undefined / MediaService / GetVideoEncoderConfigurationOptions
2021-07-21 16:02:25 info: SOAP / undefined / MediaService / SetVideoEncoderConfiguration
2021-07-21 16:02:25 info: SOAP / undefined / MediaService / GetProfile
2021-07-21 16:02:25 info: SOAP / undefined / MediaService / GetVideoEncoderConfigurationOptions
2021-07-21 16:02:25 info: SOAP / undefined / MediaService / GetProfile
2021-07-21 16:02:25 info: SOAP / undefined / MediaService / GetStreamUri
2021-07-21 16:02:28 info: SOAP / undefined / MediaService / GetProfile
2021-07-21 16:02:28 info: SOAP / undefined / MediaService / GetVideoEncoderConfigurationOptions
2021-07-21 16:02:28 info: SOAP / undefined / MediaService / GetProfile
2021-07-21 16:02:28 info: SOAP / undefined / MediaService / GetStreamUri
2021-07-21 16:06:44 info: SOAP / undefined / DeviceService / GetSystemDateAndTime
2021-07-21 16:06:44 info: SOAP / undefined / DeviceService / GetDNS
2021-07-21 16:06:44 info: SOAP / undefined / DeviceService / GetScopes
2021-07-21 16:06:44 info: SOAP / undefined / DeviceService / GetNetworkInterfaces
2021-07-21 16:06:44 info: SOAP / undefined / DeviceService / GetDeviceInformation
2021-07-21 16:06:46 info: SOAP / undefined / DeviceService / GetSystemDateAndTime
2021-07-21 16:06:46 info: SOAP / undefined / DeviceService / GetCapabilities
2021-07-21 16:06:46 info: SOAP / undefined / DeviceService / GetServices
2021-07-21 16:06:46 info: SOAP / undefined / DeviceService / GetCapabilities
2021-07-21 16:06:46 info: SOAP / undefined / MediaService / GetVideoSources
2021-07-21 16:06:46 info: SOAP / undefined / MediaService / GetProfiles
2021-07-21 16:06:46 info: SOAP / undefined / MediaService / GetProfiles
2021-07-21 16:06:46 info: SOAP / undefined / MediaService / GetSnapshotUri
2021-07-21 16:07:08 info: SOAP / undefined / MediaService / GetProfile
2021-07-21 16:07:08 info: SOAP / undefined / MediaService / GetProfile
2021-07-21 16:07:08 info: SOAP / undefined / MediaService / GetStreamUri
2021-07-21 16:07:08 info: SOAP / undefined / MediaService / GetStreamUri
2021-07-21 16:07:08 info: SOAP / undefined / MediaService / GetVideoSourceConfiguration
2021-07-21 16:09:20 info: SOAP / undefined / DeviceService / GetSystemDateAndTime
2021-07-21 16:09:20 info: SOAP / undefined / DeviceService / GetScopes
2021-07-21 16:09:20 info: SOAP / undefined / DeviceService / GetDeviceInformation
2021-07-21 16:09:20 info: SOAP / undefined / DeviceService / GetNetworkInterfaces
2021-07-21 16:09:20 info: SOAP / undefined / DeviceService / GetDNS
2021-07-21 16:09:21 info: SOAP / undefined / DeviceService / GetSystemDateAndTime
2021-07-21 16:09:21 info: SOAP / undefined / DeviceService / GetCapabilities
2021-07-21 16:09:21 info: SOAP / undefined / DeviceService / GetServices
2021-07-21 16:09:21 info: SOAP / undefined / DeviceService / GetCapabilities
2021-07-21 16:09:21 info: SOAP / undefined / MediaService / GetVideoSources
2021-07-21 16:09:21 info: SOAP / undefined / MediaService / GetProfiles
2021-07-21 16:09:21 info: SOAP / undefined / MediaService / GetProfiles
2021-07-21 16:09:21 info: SOAP / undefined / MediaService / GetSnapshotUri
2021-07-21 16:09:46 info: SOAP / undefined / MediaService / GetProfile
2021-07-21 16:09:46 info: SOAP / undefined / MediaService / GetVideoEncoderConfigurationOptions
2021-07-21 16:09:46 info: SOAP / undefined / MediaService / GetProfile
2021-07-21 16:09:46 info: SOAP / undefined / MediaService / GetStreamUri
2021-07-21 16:09:48 info: SOAP / undefined / MediaService / GetProfile
2021-07-21 16:09:48 info: SOAP / undefined / MediaService / GetProfile
2021-07-21 16:09:48 info: SOAP / undefined / MediaService / GetStreamUri
2021-07-21 16:09:48 info: SOAP / undefined / MediaService / GetStreamUri
2021-07-21 16:09:48 info: SOAP / undefined / MediaService / GetVideoSourceConfiguration
2021-07-21 16:09:49 info: SOAP / undefined / MediaService / GetProfile
2021-07-21 16:09:49 info: SOAP / undefined / MediaService / GetProfile
2021-07-21 16:09:49 info: SOAP / undefined / MediaService / GetStreamUri
2021-07-21 16:09:49 info: SOAP / undefined / MediaService / GetStreamUri
2021-07-21 16:09:49 info: SOAP / undefined / MediaService / GetVideoSourceConfiguration
2021-07-21 16:09:50 info: SOAP / undefined / MediaService / GetProfile
2021-07-21 16:09:50 info: SOAP / undefined / MediaService / GetVideoEncoderConfigurationOptions
2021-07-21 16:09:50 info: SOAP / undefined / MediaService / GetProfile
2021-07-21 16:09:50 info: SOAP / undefined / MediaService / GetStreamUri
2021-07-21 16:10:04 info: SOAP / undefined / MediaService / GetProfile
2021-07-21 16:10:04 info: SOAP / undefined / MediaService / GetProfile
2021-07-21 16:10:04 info: SOAP / undefined / MediaService / GetStreamUri
2021-07-21 16:10:04 info: SOAP / undefined / MediaService / GetStreamUri
2021-07-21 16:10:04 info: SOAP / undefined / MediaService / GetVideoSourceConfiguration
2021-07-21 16:10:08 info: SOAP / undefined / DeviceService / GetSystemDateAndTime
2021-07-21 16:10:08 info: SOAP / undefined / DeviceService / GetNetworkInterfaces
2021-07-21 16:10:08 info: SOAP / undefined / DeviceService / GetScopes
2021-07-21 16:10:08 info: SOAP / undefined / DeviceService / GetDeviceInformation
2021-07-21 16:10:08 info: SOAP / undefined / DeviceService / GetDNS
2021-07-21 16:10:09 info: SOAP / undefined / DeviceService / GetSystemDateAndTime
2021-07-21 16:10:09 info: SOAP / undefined / DeviceService / GetCapabilities
2021-07-21 16:10:09 info: SOAP / undefined / DeviceService / GetServices
2021-07-21 16:10:09 info: SOAP / undefined / DeviceService / GetCapabilities
2021-07-21 16:10:09 info: SOAP / undefined / MediaService / GetVideoSources
2021-07-21 16:10:09 info: SOAP / undefined / MediaService / GetProfiles
2021-07-21 16:10:09 info: SOAP / undefined / MediaService / GetProfiles
2021-07-21 16:10:09 info: SOAP / undefined / MediaService / GetSnapshotUri
2021-07-21 16:32:17 info: SOAP / undefined / DeviceService / GetSystemDateAndTime
2021-07-21 16:32:17 info: SOAP / undefined / DeviceService / GetDeviceInformation
2021-07-21 16:32:17 info: SOAP / undefined / DeviceService / GetScopes
2021-07-21 16:32:17 info: SOAP / undefined / DeviceService / GetNetworkInterfaces
2021-07-21 16:32:17 info: SOAP / undefined / DeviceService / GetDNS
2021-07-21 16:32:19 info: SOAP / undefined / DeviceService / GetSystemDateAndTime
2021-07-21 16:32:19 info: SOAP / undefined / DeviceService / GetCapabilities
2021-07-21 16:32:19 info: SOAP / undefined / DeviceService / GetServices
2021-07-21 16:32:19 info: SOAP / undefined / DeviceService / GetCapabilities
2021-07-21 16:32:19 info: SOAP / undefined / MediaService / GetVideoSources
2021-07-21 16:32:19 info: SOAP / undefined / MediaService / GetProfiles
2021-07-21 16:32:19 info: SOAP / undefined / MediaService / GetProfiles
2021-07-21 16:32:19 info: SOAP / undefined / MediaService / GetSnapshotUri
2021-07-21 16:32:23 info: SOAP / undefined / MediaService / GetProfile
2021-07-21 16:32:23 info: SOAP / undefined / MediaService / GetProfile
2021-07-21 16:32:23 info: SOAP / undefined / MediaService / GetStreamUri
2021-07-21 16:32:23 info: SOAP / undefined / MediaService / GetStreamUri
2021-07-21 16:32:23 info: SOAP / undefined / MediaService / GetVideoSourceConfiguration
2021-07-21 16:34:25 info: GET / ::ffff:192.168.0.36
2021-07-21 16:34:28 info: GET / ::ffff:192.168.0.36
2021-07-21 16:34:33 info: GET / ::ffff:192.168.0.36
2021-07-21 16:34:34 info: GET / ::ffff:192.168.0.36
2021-07-21 16:34:41 info: GET / ::ffff:192.168.0.36
2021-07-21 16:38:18 info: GET / ::ffff:192.168.0.36
2021-07-21 16:38:26 info: GET / ::ffff:192.168.0.36
2021-07-21 16:38:47 info: GET / ::ffff:192.168.0.36
2021-07-21 16:38:54 info: GET / ::ffff:192.168.0.36
2021-07-21 16:45:38 info: SOAP / undefined / MediaService / GetProfile
2021-07-21 16:45:38 info: SOAP / undefined / MediaService / GetVideoEncoderConfigurationOptions
2021-07-21 16:45:38 info: SOAP / undefined / MediaService / GetProfile
2021-07-21 16:45:38 info: SOAP / undefined / MediaService / GetStreamUri
2021-07-21 16:45:41 info: SOAP / undefined / MediaService / GetProfile
2021-07-21 16:45:41 info: SOAP / undefined / MediaService / GetProfile
2021-07-21 16:45:41 info: SOAP / undefined / MediaService / GetStreamUri
2021-07-21 16:45:41 info: SOAP / undefined / MediaService / GetStreamUri
2021-07-21 16:45:41 info: SOAP / undefined / MediaService / GetVideoSourceConfiguration
2021-07-21 16:45:43 info: SOAP / undefined / MediaService / GetProfile
2021-07-21 16:45:43 info: SOAP / undefined / MediaService / GetVideoEncoderConfigurationOptions
2021-07-21 16:45:43 info: SOAP / undefined / MediaService / GetProfile
2021-07-21 16:45:43 info: SOAP / undefined / MediaService / GetStreamUri
2021-07-21 16:45:44 info: SOAP / undefined / MediaService / GetProfile
2021-07-21 16:45:44 info: SOAP / undefined / MediaService / GetProfile
2021-07-21 16:45:44 info: SOAP / undefined / MediaService / GetStreamUri
2021-07-21 16:45:44 info: SOAP / undefined / MediaService / GetStreamUri
2021-07-21 16:45:44 info: SOAP / undefined / MediaService / GetVideoSourceConfiguration
2021-07-21 16:45:51 info: SOAP / undefined / MediaService / GetProfile
2021-07-21 16:45:51 info: SOAP / undefined / MediaService / GetProfile
2021-07-21 16:45:51 info: SOAP / undefined / MediaService / GetStreamUri
2021-07-21 16:45:51 info: SOAP / undefined / MediaService / GetStreamUri
2021-07-21 16:45:51 info: SOAP / undefined / MediaService / GetVideoSourceConfiguration
2021-07-21 19:38:53 info: GET / ::ffff:192.168.0.36
2021-07-21 19:38:55 info: GET / ::ffff:192.168.0.36
2021-07-21 19:39:00 info: GET / ::ffff:192.168.0.36
