2021-07-20 14:35:10 info: SOAP / undefined / DeviceService / GetSystemDateAndTime
2021-07-20 14:35:11 info: SOAP / undefined / DeviceService / GetSystemDateAndTime
2021-07-20 14:35:18 info: SOAP / undefined / DeviceService / GetSystemDateAndTime
2021-07-20 14:35:18 info: SOAP / undefined / DeviceService / GetScopes
2021-07-20 14:35:18 info: SOAP / undefined / DeviceService / GetNetworkInterfaces
2021-07-20 14:35:18 info: SOAP / undefined / DeviceService / GetDeviceInformation
2021-07-20 14:35:18 info: SOAP / undefined / DeviceService / GetDNS
2021-07-20 14:35:19 info: SOAP / undefined / DeviceService / GetSystemDateAndTime
2021-07-20 14:35:19 info: SOAP / undefined / DeviceService / GetCapabilities
2021-07-20 14:35:19 info: SOAP / undefined / DeviceService / GetServices
2021-07-20 14:35:19 info: SOAP / undefined / DeviceService / GetCapabilities
2021-07-20 14:35:19 info: SOAP / undefined / MediaService / GetVideoSources
2021-07-20 14:35:19 info: SOAP / undefined / MediaService / GetProfiles
2021-07-20 14:35:19 info: SOAP / undefined / MediaService / GetProfiles
2021-07-20 14:35:19 info: SOAP / undefined / MediaService / GetSnapshotUri
2021-07-20 14:35:23 info: SOAP / undefined / MediaService / GetProfile
2021-07-20 14:35:23 info: SOAP / undefined / MediaService / GetVideoEncoderConfigurationOptions
2021-07-20 14:35:23 info: SOAP / undefined / MediaService / GetProfile
2021-07-20 14:35:23 info: SOAP / undefined / MediaService / GetStreamUri
2021-07-20 14:35:29 info: SOAP / undefined / MediaService / GetProfile
2021-07-20 14:35:29 info: SOAP / undefined / MediaService / GetVideoEncoderConfigurationOptions
2021-07-20 14:35:29 info: SOAP / undefined / MediaService / SetVideoEncoderConfiguration
2021-07-20 14:35:30 info: SOAP / undefined / MediaService / GetProfile
2021-07-20 14:35:30 info: SOAP / undefined / MediaService / GetVideoEncoderConfigurationOptions
2021-07-20 14:35:30 info: SOAP / undefined / MediaService / GetProfile
2021-07-20 14:35:30 info: SOAP / undefined / MediaService / GetStreamUri
2021-07-20 14:46:02 info: SOAP / undefined / MediaService / GetProfile
2021-07-20 14:46:02 info: SOAP / undefined / MediaService / GetProfile
2021-07-20 14:46:02 info: SOAP / undefined / MediaService / GetStreamUri
2021-07-20 14:46:02 info: SOAP / undefined / MediaService / GetStreamUri
2021-07-20 14:46:02 info: SOAP / undefined / MediaService / GetVideoSourceConfiguration
2021-07-20 14:53:36 info: SOAP / undefined / MediaService / GetProfile
2021-07-20 14:53:36 info: SOAP / undefined / MediaService / GetProfile
2021-07-20 14:53:36 info: SOAP / undefined / MediaService / GetStreamUri
2021-07-20 14:53:36 info: SOAP / undefined / MediaService / GetStreamUri
2021-07-20 14:53:36 info: SOAP / undefined / MediaService / GetVideoSourceConfiguration
2021-07-20 14:57:58 info: SOAP / undefined / MediaService / GetProfile
2021-07-20 14:57:58 info: SOAP / undefined / MediaService / GetProfile
2021-07-20 14:57:58 info: SOAP / undefined / MediaService / GetStreamUri
2021-07-20 14:57:58 info: SOAP / undefined / MediaService / GetStreamUri
2021-07-20 14:57:59 info: SOAP / undefined / MediaService / GetVideoSourceConfiguration
2021-07-20 15:07:23 info: SOAP / undefined / MediaService / GetProfile
2021-07-20 15:07:23 info: SOAP / undefined / MediaService / GetProfile
2021-07-20 15:07:23 info: SOAP / undefined / MediaService / GetStreamUri
2021-07-20 15:07:23 info: SOAP / undefined / MediaService / GetStreamUri
2021-07-20 15:07:23 info: SOAP / undefined / MediaService / GetVideoSourceConfiguration
2021-07-20 15:09:16 info: SOAP / undefined / MediaService / GetProfile
2021-07-20 15:09:16 info: SOAP / undefined / MediaService / GetProfile
2021-07-20 15:09:16 info: SOAP / undefined / MediaService / GetStreamUri
2021-07-20 15:09:16 info: SOAP / undefined / MediaService / GetStreamUri
2021-07-20 15:09:16 info: SOAP / undefined / MediaService / GetVideoSourceConfiguration
2021-07-20 15:09:25 info: SOAP / undefined / MediaService / GetProfile
2021-07-20 15:09:25 info: SOAP / undefined / MediaService / GetVideoEncoderConfigurationOptions
2021-07-20 15:09:25 info: SOAP / undefined / MediaService / GetProfile
2021-07-20 15:09:25 info: SOAP / undefined / MediaService / GetStreamUri
2021-07-20 15:09:28 info: SOAP / undefined / MediaService / GetProfile
2021-07-20 15:09:28 info: SOAP / undefined / MediaService / GetProfile
2021-07-20 15:09:28 info: SOAP / undefined / MediaService / GetStreamUri
2021-07-20 15:09:28 info: SOAP / undefined / MediaService / GetStreamUri
2021-07-20 15:09:28 info: SOAP / undefined / MediaService / GetVideoSourceConfiguration
