2021-05-19 19:17:20 info: SOAP / undefined / DeviceService / GetSystemDateAndTime
2021-05-19 19:17:20 info: SOAP / undefined / DeviceService / GetDeviceInformation
2021-05-19 19:17:20 info: SOAP / undefined / DeviceService / GetScopes
2021-05-19 19:17:20 info: SOAP / undefined / DeviceService / GetNetworkInterfaces
2021-05-19 19:17:20 info: SOAP / undefined / DeviceService / GetDNS
2021-05-19 19:17:21 info: SOAP / undefined / DeviceService / GetSystemDateAndTime
2021-05-19 19:17:21 info: SOAP / undefined / DeviceService / GetCapabilities
2021-05-19 19:17:21 info: SOAP / undefined / DeviceService / GetServices
2021-05-19 19:17:21 info: SOAP / undefined / DeviceService / GetCapabilities
2021-05-19 19:17:21 info: SOAP / undefined / MediaService / GetVideoSources
2021-05-19 19:17:21 info: SOAP / undefined / MediaService / GetProfiles
2021-05-19 19:17:22 info: SOAP / undefined / MediaService / GetProfiles
2021-05-19 19:17:22 info: SOAP / undefined / MediaService / GetSnapshotUri
2021-05-19 19:17:23 info: SOAP / undefined / MediaService / GetProfile
2021-05-19 19:17:23 info: SOAP / undefined / MediaService / GetProfile
2021-05-19 19:17:23 info: SOAP / undefined / MediaService / GetStreamUri
2021-05-19 19:17:23 info: SOAP / undefined / MediaService / GetStreamUri
2021-05-19 19:17:23 info: SOAP / undefined / MediaService / GetVideoSourceConfiguration
2021-05-19 19:17:29 info: SOAP / undefined / MediaService / GetProfile
2021-05-19 19:17:29 info: SOAP / undefined / MediaService / GetVideoEncoderConfigurationOptions
2021-05-19 19:17:30 info: SOAP / undefined / MediaService / GetProfile
2021-05-19 19:17:30 info: SOAP / undefined / MediaService / GetStreamUri
2021-05-19 19:17:34 info: SOAP / undefined / MediaService / GetProfile
2021-05-19 19:17:34 info: SOAP / undefined / MediaService / GetVideoEncoderConfigurationOptions
2021-05-19 19:17:34 info: SOAP / undefined / MediaService / SetVideoEncoderConfiguration
2021-05-19 19:17:35 info: SOAP / undefined / MediaService / GetProfile
2021-05-19 19:17:35 info: SOAP / undefined / MediaService / GetVideoEncoderConfigurationOptions
2021-05-19 19:17:35 info: SOAP / undefined / MediaService / GetProfile
2021-05-19 19:17:35 info: SOAP / undefined / MediaService / GetStreamUri
2021-05-19 19:17:58 info: SOAP / undefined / DeviceService / GetSystemDateAndTime
2021-05-19 19:17:58 info: SOAP / undefined / DeviceService / GetDeviceInformation
2021-05-19 19:17:58 info: SOAP / undefined / DeviceService / GetNetworkInterfaces
2021-05-19 19:17:58 info: SOAP / undefined / DeviceService / GetScopes
2021-05-19 19:17:58 info: SOAP / undefined / DeviceService / GetDNS
2021-05-19 19:17:59 info: SOAP / undefined / DeviceService / GetSystemDateAndTime
2021-05-19 19:17:59 info: SOAP / undefined / DeviceService / GetCapabilities
2021-05-19 19:17:59 info: SOAP / undefined / DeviceService / GetServices
2021-05-19 19:17:59 info: SOAP / undefined / DeviceService / GetCapabilities
2021-05-19 19:17:59 info: SOAP / undefined / MediaService / GetVideoSources
2021-05-19 19:17:59 info: SOAP / undefined / MediaService / GetProfiles
2021-05-19 19:17:59 info: SOAP / undefined / MediaService / GetProfiles
2021-05-19 19:17:59 info: SOAP / undefined / MediaService / GetSnapshotUri
2021-05-19 19:18:01 info: SOAP / undefined / MediaService / GetProfile
2021-05-19 19:18:01 info: SOAP / undefined / MediaService / GetProfile
2021-05-19 19:18:01 info: SOAP / undefined / MediaService / GetStreamUri
2021-05-19 19:18:01 info: SOAP / undefined / MediaService / GetStreamUri
2021-05-19 19:18:01 info: SOAP / undefined / MediaService / GetVideoSourceConfiguration
2021-05-19 19:29:20 info: SOAP / undefined / MediaService / GetProfile
2021-05-19 19:29:20 info: SOAP / undefined / MediaService / GetProfile
2021-05-19 19:29:20 info: SOAP / undefined / MediaService / GetStreamUri
2021-05-19 19:29:20 info: SOAP / undefined / MediaService / GetStreamUri
2021-05-19 19:29:20 info: SOAP / undefined / MediaService / GetVideoSourceConfiguration
2021-05-19 19:29:26 info: SOAP / undefined / MediaService / GetProfile
2021-05-19 19:29:26 info: SOAP / undefined / ImagingService / GetMoveOptions
2021-05-19 19:29:26 info: SOAP / undefined / ImagingService / GetImagingSettings
2021-05-19 19:29:26 info: SOAP / undefined / ImagingService / GetOptions
2021-05-19 19:29:26 info: SOAP / undefined / ImagingService / GetStatus
2021-05-19 19:29:26 info: SOAP / undefined / MediaService / GetProfile
2021-05-19 19:29:26 info: SOAP / undefined / ImagingService / GetStatus
2021-05-19 19:29:26 info: SOAP / undefined / MediaService / GetStreamUri
2021-05-19 19:29:30 info: SOAP / undefined / MediaService / GetProfile
2021-05-19 19:29:31 info: SOAP / undefined / MediaService / GetVideoEncoderConfigurationOptions
2021-05-19 19:29:31 info: SOAP / undefined / MediaService / GetProfile
2021-05-19 19:29:31 info: SOAP / undefined / MediaService / GetStreamUri
2021-05-19 19:29:45 info: SOAP / undefined / MediaService / GetProfile
2021-05-19 19:29:45 info: SOAP / undefined / MediaService / GetProfile
2021-05-19 19:29:45 info: SOAP / undefined / MediaService / GetStreamUri
2021-05-19 19:29:46 info: SOAP / undefined / MediaService / GetStreamUri
2021-05-19 19:29:46 info: SOAP / undefined / MediaService / GetVideoSourceConfiguration
2021-05-19 19:29:49 info: SOAP / undefined / DeviceService / GetSystemDateAndTime
2021-05-19 19:29:49 info: SOAP / undefined / DeviceService / GetDeviceInformation
2021-05-19 19:29:49 info: SOAP / undefined / DeviceService / GetScopes
2021-05-19 19:29:49 info: SOAP / undefined / DeviceService / GetNetworkInterfaces
2021-05-19 19:29:49 info: SOAP / undefined / DeviceService / GetDNS
2021-05-19 19:29:50 info: SOAP / undefined / DeviceService / GetSystemDateAndTime
2021-05-19 19:29:50 info: SOAP / undefined / DeviceService / GetCapabilities
2021-05-19 19:29:50 info: SOAP / undefined / DeviceService / GetServices
2021-05-19 19:29:50 info: SOAP / undefined / DeviceService / GetCapabilities
2021-05-19 19:29:50 info: SOAP / undefined / MediaService / GetVideoSources
2021-05-19 19:29:50 info: SOAP / undefined / MediaService / GetProfiles
2021-05-19 19:29:50 info: SOAP / undefined / MediaService / GetProfiles
2021-05-19 19:29:50 info: SOAP / undefined / MediaService / GetSnapshotUri
2021-05-19 19:29:51 info: SOAP / undefined / MediaService / GetProfile
2021-05-19 19:29:51 info: SOAP / undefined / MediaService / GetProfile
2021-05-19 19:29:51 info: SOAP / undefined / MediaService / GetStreamUri
2021-05-19 19:29:51 info: SOAP / undefined / MediaService / GetStreamUri
2021-05-19 19:29:51 info: SOAP / undefined / MediaService / GetVideoSourceConfiguration
2021-05-19 19:30:00 info: SOAP / undefined / MediaService / GetProfile
2021-05-19 19:30:00 info: SOAP / undefined / MediaService / GetProfile
2021-05-19 19:30:00 info: SOAP / undefined / MediaService / GetStreamUri
2021-05-19 19:30:00 info: SOAP / undefined / MediaService / GetStreamUri
2021-05-19 19:30:00 info: SOAP / undefined / MediaService / GetVideoSourceConfiguration
2021-05-19 19:30:02 info: SOAP / undefined / DeviceService / GetSystemDateAndTime
2021-05-19 19:30:02 info: SOAP / undefined / DeviceService / GetDNS
2021-05-19 19:30:02 info: SOAP / undefined / DeviceService / GetScopes
2021-05-19 19:30:02 info: SOAP / undefined / DeviceService / GetDeviceInformation
2021-05-19 19:30:02 info: SOAP / undefined / DeviceService / GetNetworkInterfaces
2021-05-19 19:30:03 info: SOAP / undefined / DeviceService / GetSystemDateAndTime
2021-05-19 19:30:03 info: SOAP / undefined / DeviceService / GetCapabilities
2021-05-19 19:30:03 info: SOAP / undefined / DeviceService / GetServices
2021-05-19 19:30:03 info: SOAP / undefined / DeviceService / GetCapabilities
2021-05-19 19:30:03 info: SOAP / undefined / MediaService / GetVideoSources
2021-05-19 19:30:03 info: SOAP / undefined / MediaService / GetProfiles
2021-05-19 19:30:03 info: SOAP / undefined / MediaService / GetProfiles
2021-05-19 19:30:03 info: SOAP / undefined / MediaService / GetSnapshotUri
2021-05-19 19:30:04 info: SOAP / undefined / MediaService / GetProfile
2021-05-19 19:30:04 info: SOAP / undefined / MediaService / GetProfile
2021-05-19 19:30:04 info: SOAP / undefined / MediaService / GetStreamUri
2021-05-19 19:30:04 info: SOAP / undefined / MediaService / GetStreamUri
2021-05-19 19:30:04 info: SOAP / undefined / MediaService / GetVideoSourceConfiguration
2021-05-19 19:39:51 info: SOAP / undefined / DeviceService / GetSystemDateAndTime
2021-05-19 19:39:51 info: SOAP / undefined / DeviceService / GetDeviceInformation
2021-05-19 19:39:51 info: SOAP / undefined / DeviceService / GetScopes
2021-05-19 19:39:51 info: SOAP / undefined / DeviceService / GetDNS
2021-05-19 19:39:51 info: SOAP / undefined / DeviceService / GetNetworkInterfaces
2021-05-19 19:39:51 info: SOAP / undefined / DeviceService / GetSystemDateAndTime
2021-05-19 19:39:51 info: SOAP / undefined / DeviceService / GetCapabilities
2021-05-19 19:39:51 info: SOAP / undefined / DeviceService / GetServices
2021-05-19 19:39:52 info: SOAP / undefined / DeviceService / GetCapabilities
2021-05-19 19:39:52 info: SOAP / undefined / MediaService / GetVideoSources
2021-05-19 19:39:52 info: SOAP / undefined / MediaService / GetProfiles
2021-05-19 19:39:52 info: SOAP / undefined / MediaService / GetProfiles
2021-05-19 19:39:52 info: SOAP / undefined / MediaService / GetSnapshotUri
2021-05-19 19:39:53 info: SOAP / undefined / MediaService / GetProfile
2021-05-19 19:39:53 info: SOAP / undefined / MediaService / GetProfile
2021-05-19 19:39:53 info: SOAP / undefined / MediaService / GetStreamUri
2021-05-19 19:39:53 info: SOAP / undefined / MediaService / GetStreamUri
2021-05-19 19:39:53 info: SOAP / undefined / MediaService / GetVideoSourceConfiguration
2021-05-19 19:40:15 info: SOAP / undefined / MediaService / GetProfile
2021-05-19 19:40:15 info: SOAP / undefined / MediaService / GetProfile
2021-05-19 19:40:15 info: SOAP / undefined / MediaService / GetStreamUri
2021-05-19 19:40:15 info: SOAP / undefined / MediaService / GetStreamUri
2021-05-19 19:40:15 info: SOAP / undefined / MediaService / GetVideoSourceConfiguration
