2021-05-27 09:55:05 info: SOAP / undefined / MediaService / GetProfile
2021-05-27 09:55:05 info: SOAP / undefined / MediaService / GetProfile
2021-05-27 09:55:05 info: SOAP / undefined / MediaService / GetStreamUri
2021-05-27 09:55:05 info: SOAP / undefined / MediaService / GetStreamUri
2021-05-27 09:55:05 info: SOAP / undefined / MediaService / GetVideoSourceConfiguration
2021-05-27 09:57:57 info: SOAP / undefined / MediaService / GetProfile
2021-05-27 09:57:57 info: SOAP / undefined / MediaService / GetProfile
2021-05-27 09:57:57 info: SOAP / undefined / MediaService / GetStreamUri
2021-05-27 09:57:57 info: SOAP / undefined / MediaService / GetStreamUri
2021-05-27 09:57:57 info: SOAP / undefined / MediaService / GetVideoSourceConfiguration
2021-05-27 10:19:25 info: SOAP / undefined / DeviceService / GetSystemDateAndTime
2021-05-27 10:19:25 info: SOAP / undefined / DeviceService / GetDeviceInformation
2021-05-27 10:19:25 info: SOAP / undefined / DeviceService / GetDNS
2021-05-27 10:19:25 info: SOAP / undefined / DeviceService / GetScopes
2021-05-27 10:19:25 info: SOAP / undefined / DeviceService / GetNetworkInterfaces
2021-05-27 10:19:25 info: SOAP / undefined / DeviceService / GetSystemDateAndTime
2021-05-27 10:19:25 info: SOAP / undefined / DeviceService / GetCapabilities
2021-05-27 10:19:25 info: SOAP / undefined / DeviceService / GetServices
2021-05-27 10:19:25 info: SOAP / undefined / DeviceService / GetCapabilities
2021-05-27 10:19:25 info: SOAP / undefined / MediaService / GetVideoSources
2021-05-27 10:19:25 info: SOAP / undefined / MediaService / GetProfiles
2021-05-27 10:19:25 info: SOAP / undefined / MediaService / GetProfiles
2021-05-27 10:19:25 info: SOAP / undefined / MediaService / GetSnapshotUri
2021-05-27 10:19:28 info: SOAP / undefined / MediaService / GetProfile
2021-05-27 10:19:28 info: SOAP / undefined / MediaService / GetProfile
2021-05-27 10:19:28 info: SOAP / undefined / MediaService / GetStreamUri
2021-05-27 10:19:28 info: SOAP / undefined / MediaService / GetStreamUri
2021-05-27 10:19:28 info: SOAP / undefined / MediaService / GetVideoSourceConfiguration
2021-05-27 10:22:24 info: SOAP / undefined / DeviceService / GetSystemDateAndTime
2021-05-27 10:22:24 info: SOAP / undefined / DeviceService / GetDeviceInformation
2021-05-27 10:22:24 info: SOAP / undefined / DeviceService / GetScopes
2021-05-27 10:22:24 info: SOAP / undefined / DeviceService / GetDNS
2021-05-27 10:22:24 info: SOAP / undefined / DeviceService / GetNetworkInterfaces
2021-05-27 10:22:25 info: SOAP / undefined / DeviceService / GetSystemDateAndTime
2021-05-27 10:22:25 info: SOAP / undefined / DeviceService / GetCapabilities
2021-05-27 10:22:25 info: SOAP / undefined / DeviceService / GetServices
2021-05-27 10:22:25 info: SOAP / undefined / DeviceService / GetCapabilities
2021-05-27 10:22:25 info: SOAP / undefined / MediaService / GetVideoSources
2021-05-27 10:22:25 info: SOAP / undefined / MediaService / GetProfiles
2021-05-27 10:22:25 info: SOAP / undefined / MediaService / GetProfiles
2021-05-27 10:22:25 info: SOAP / undefined / MediaService / GetSnapshotUri
2021-05-27 10:22:26 info: SOAP / undefined / MediaService / GetProfile
2021-05-27 10:22:26 info: SOAP / undefined / MediaService / GetProfile
2021-05-27 10:22:26 info: SOAP / undefined / MediaService / GetStreamUri
2021-05-27 10:22:26 info: SOAP / undefined / MediaService / GetStreamUri
2021-05-27 10:22:26 info: SOAP / undefined / MediaService / GetVideoSourceConfiguration
